<?xml version="1.0" encoding="UTF-8"?>
<!-- Generated by org.testng.reporters.JUnitReportReporter -->
<testsuite hostname="WKWZTPqvmdckJHX" failures="1" tests="26" name="com.qa.centrum.eng.test.CentrumSampleMinisWomen50PlusTest" time="595.351" errors="1" timestamp="2022-09-27T17:43:08 IST" skipped="0">
  <testcase classname="com.qa.centrum.eng.test.CentrumSampleMinisWomen50PlusTest" name="cookieButton" time="11.875"/>
  <system-out/>
  <testcase classname="com.qa.centrum.eng.test.CentrumSampleMinisWomen50PlusTest" name="verifyWriteAReviewBtn" time="32.498">
    <error message="element not interactable
  (Session info: chrome=105.0.5195.102)
Build info: version: &#039;3.141.59&#039;, revision: &#039;e82be7d358&#039;, time: &#039;2018-11-14T08:17:03&#039;
System info: host: &#039;WKWZTPQVMDCKJHX&#039;, ip: &#039;192.168.110.49&#039;, os.name: &#039;Windows 11&#039;, os.arch: &#039;amd64&#039;, os.version: &#039;10.0&#039;, java.version: &#039;18.0.1&#039;
Driver info: org.openqa.selenium.chrome.ChromeDriver
Capabilities {acceptInsecureCerts: false, browserName: chrome, browserVersion: 105.0.5195.102, chrome: {chromedriverVersion: 105.0.5195.52 (412c95e51883..., userDataDir: C:\Users\sujsekar\AppData\L...}, goog:chromeOptions: {debuggerAddress: localhost:60993}, javascriptEnabled: true, networkConnectionEnabled: false, pageLoadStrategy: normal, platform: WINDOWS, platformName: WINDOWS, proxy: Proxy(), setWindowRect: true, strictFileInteractability: false, timeouts: {implicit: 0, pageLoad: 300000, script: 30000}, unhandledPromptBehavior: dismiss and notify, webauthn:extension:credBlob: true, webauthn:extension:largeBlob: true, webauthn:virtualAuthenticators: true}
Session ID: f0dd30acd183bdceeb97aaac60ddcb6a" type="org.openqa.selenium.ElementNotInteractableException">
      <![CDATA[org.openqa.selenium.ElementNotInteractableException: element not interactable
  (Session info: chrome=105.0.5195.102)
Build info: version: '3.141.59', revision: 'e82be7d358', time: '2018-11-14T08:17:03'
System info: host: 'WKWZTPQVMDCKJHX', ip: '192.168.110.49', os.name: 'Windows 11', os.arch: 'amd64', os.version: '10.0', java.version: '18.0.1'
Driver info: org.openqa.selenium.chrome.ChromeDriver
Capabilities {acceptInsecureCerts: false, browserName: chrome, browserVersion: 105.0.5195.102, chrome: {chromedriverVersion: 105.0.5195.52 (412c95e51883..., userDataDir: C:\Users\sujsekar\AppData\L...}, goog:chromeOptions: {debuggerAddress: localhost:60993}, javascriptEnabled: true, networkConnectionEnabled: false, pageLoadStrategy: normal, platform: WINDOWS, platformName: WINDOWS, proxy: Proxy(), setWindowRect: true, strictFileInteractability: false, timeouts: {implicit: 0, pageLoad: 300000, script: 30000}, unhandledPromptBehavior: dismiss and notify, webauthn:extension:credBlob: true, webauthn:extension:largeBlob: true, webauthn:virtualAuthenticators: true}
Session ID: f0dd30acd183bdceeb97aaac60ddcb6a
at java.base/jdk.internal.reflect.DirectConstructorHandleAccessor.newInstance(DirectConstructorHandleAccessor.java:67)
at java.base/java.lang.reflect.Constructor.newInstanceWithCaller(Constructor.java:499)
at java.base/java.lang.reflect.Constructor.newInstance(Constructor.java:483)
at org.openqa.selenium.remote.http.W3CHttpResponseCodec.createException(W3CHttpResponseCodec.java:187)
at org.openqa.selenium.remote.http.W3CHttpResponseCodec.decode(W3CHttpResponseCodec.java:122)
at org.openqa.selenium.remote.http.W3CHttpResponseCodec.decode(W3CHttpResponseCodec.java:49)
at org.openqa.selenium.remote.HttpCommandExecutor.execute(HttpCommandExecutor.java:158)
at org.openqa.selenium.remote.service.DriverCommandExecutor.execute(DriverCommandExecutor.java:83)
at org.openqa.selenium.remote.RemoteWebDriver.execute(RemoteWebDriver.java:552)
at org.openqa.selenium.remote.RemoteWebElement.execute(RemoteWebElement.java:285)
at org.openqa.selenium.remote.RemoteWebElement.click(RemoteWebElement.java:84)
at java.base/jdk.internal.reflect.DirectMethodHandleAccessor.invoke(DirectMethodHandleAccessor.java:104)
at java.base/java.lang.reflect.Method.invoke(Method.java:577)
at org.openqa.selenium.support.pagefactory.internal.LocatingElementHandler.invoke(LocatingElementHandler.java:51)
at jdk.proxy2/jdk.proxy2.$Proxy14.click(Unknown Source)
at com.qa.baseClass.BaseClass.elementClick(BaseClass.java:173)
at com.qa.centrum.eng.pages.CentrumMinisWomen50PlusPage.clickWriteAReviewBtn(CentrumMinisWomen50PlusPage.java:168)
at com.qa.centrum.eng.test.CentrumSampleMinisWomen50PlusTest.verifyWriteAReviewBtn(CentrumSampleMinisWomen50PlusTest.java:46)
at java.base/jdk.internal.reflect.DirectMethodHandleAccessor.invoke(DirectMethodHandleAccessor.java:104)
at java.base/java.lang.reflect.Method.invoke(Method.java:577)
at org.testng.internal.MethodInvocationHelper.invokeMethod(MethodInvocationHelper.java:133)
at org.testng.internal.TestInvoker.invokeMethod(TestInvoker.java:598)
at org.testng.internal.TestInvoker.invokeTestMethod(TestInvoker.java:173)
at org.testng.internal.MethodRunner.runInSequence(MethodRunner.java:46)
at org.testng.internal.TestInvoker$MethodInvocationAgent.invoke(TestInvoker.java:824)
at org.testng.internal.TestInvoker.invokeTestMethods(TestInvoker.java:146)
at org.testng.internal.TestMethodWorker.invokeTestMethods(TestMethodWorker.java:146)
at org.testng.internal.TestMethodWorker.run(TestMethodWorker.java:128)
at java.base/java.util.ArrayList.forEach(ArrayList.java:1511)
at org.testng.TestRunner.privateRun(TestRunner.java:794)
at org.testng.TestRunner.run(TestRunner.java:596)
at org.testng.SuiteRunner.runTest(SuiteRunner.java:377)
at org.testng.SuiteRunner.runSequentially(SuiteRunner.java:371)
at org.testng.SuiteRunner.privateRun(SuiteRunner.java:332)
at org.testng.SuiteRunner.run(SuiteRunner.java:276)
at org.testng.SuiteRunnerWorker.runSuite(SuiteRunnerWorker.java:53)
at org.testng.SuiteRunnerWorker.run(SuiteRunnerWorker.java:96)
at org.testng.TestNG.runSuitesSequentially(TestNG.java:1212)
at org.testng.TestNG.runSuitesLocally(TestNG.java:1134)
at org.testng.TestNG.runSuites(TestNG.java:1063)
at org.testng.TestNG.run(TestNG.java:1031)
at org.testng.remote.AbstractRemoteTestNG.run(AbstractRemoteTestNG.java:115)
at org.testng.remote.RemoteTestNG.initAndRun(RemoteTestNG.java:251)
at org.testng.remote.RemoteTestNG.main(RemoteTestNG.java:77)
]]>
    </error>
  </testcase> <!-- verifyWriteAReviewBtn -->
  <system-out/>
  <testcase classname="com.qa.centrum.eng.test.CentrumSampleMinisWomen50PlusTest" name="verifyBuyNowBtn" time="14.139"/>
  <system-out/>
  <testcase classname="com.qa.centrum.eng.test.CentrumSampleMinisWomen50PlusTest" name="verifyGetCoupons" time="21.379">
    <failure message="expected [coupons/] but found [coupons_old/]" type="java.lang.AssertionError">
      <![CDATA[java.lang.AssertionError: expected [coupons/] but found [coupons_old/]
at org.testng.Assert.fail(Assert.java:99)
at org.testng.Assert.failNotEquals(Assert.java:1037)
at org.testng.Assert.assertEqualsImpl(Assert.java:140)
at org.testng.Assert.assertEquals(Assert.java:122)
at org.testng.Assert.assertEquals(Assert.java:629)
at org.testng.Assert.assertEquals(Assert.java:639)
at com.qa.baseClass.BaseClass.compareTwoText(BaseClass.java:739)
at com.qa.centrum.eng.test.CentrumSampleMinisWomen50PlusTest.verifyGetCoupons(CentrumSampleMinisWomen50PlusTest.java:71)
at java.base/jdk.internal.reflect.DirectMethodHandleAccessor.invoke(DirectMethodHandleAccessor.java:104)
at java.base/java.lang.reflect.Method.invoke(Method.java:577)
at org.testng.internal.MethodInvocationHelper.invokeMethod(MethodInvocationHelper.java:133)
at org.testng.internal.TestInvoker.invokeMethod(TestInvoker.java:598)
at org.testng.internal.TestInvoker.invokeTestMethod(TestInvoker.java:173)
at org.testng.internal.MethodRunner.runInSequence(MethodRunner.java:46)
at org.testng.internal.TestInvoker$MethodInvocationAgent.invoke(TestInvoker.java:824)
at org.testng.internal.TestInvoker.invokeTestMethods(TestInvoker.java:146)
at org.testng.internal.TestMethodWorker.invokeTestMethods(TestMethodWorker.java:146)
at org.testng.internal.TestMethodWorker.run(TestMethodWorker.java:128)
at java.base/java.util.ArrayList.forEach(ArrayList.java:1511)
at org.testng.TestRunner.privateRun(TestRunner.java:794)
at org.testng.TestRunner.run(TestRunner.java:596)
at org.testng.SuiteRunner.runTest(SuiteRunner.java:377)
at org.testng.SuiteRunner.runSequentially(SuiteRunner.java:371)
at org.testng.SuiteRunner.privateRun(SuiteRunner.java:332)
at org.testng.SuiteRunner.run(SuiteRunner.java:276)
at org.testng.SuiteRunnerWorker.runSuite(SuiteRunnerWorker.java:53)
at org.testng.SuiteRunnerWorker.run(SuiteRunnerWorker.java:96)
at org.testng.TestNG.runSuitesSequentially(TestNG.java:1212)
at org.testng.TestNG.runSuitesLocally(TestNG.java:1134)
at org.testng.TestNG.runSuites(TestNG.java:1063)
at org.testng.TestNG.run(TestNG.java:1031)
at org.testng.remote.AbstractRemoteTestNG.run(AbstractRemoteTestNG.java:115)
at org.testng.remote.RemoteTestNG.initAndRun(RemoteTestNG.java:251)
at org.testng.remote.RemoteTestNG.main(RemoteTestNG.java:77)
]]>
    </failure>
  </testcase> <!-- verifyGetCoupons -->
  <system-out/>
  <testcase classname="com.qa.centrum.eng.test.CentrumSampleMinisWomen50PlusTest" name="verifyVitaminAndMinerals" time="13.233"/>
  <system-out/>
  <testcase classname="com.qa.centrum.eng.test.CentrumSampleMinisWomen50PlusTest" name="verifyUsage" time="16.684"/>
  <system-out/>
  <testcase classname="com.qa.centrum.eng.test.CentrumSampleMinisWomen50PlusTest" name="verifyFAQ" time="14.822"/>
  <system-out/>
  <testcase classname="com.qa.centrum.eng.test.CentrumSampleMinisWomen50PlusTest" name="verifyTextImmuneSupportMen" time="21.811"/>
  <system-out/>
  <testcase classname="com.qa.centrum.eng.test.CentrumSampleMinisWomen50PlusTest" name="verifyCompareTab" time="27.688"/>
  <system-out/>
  <testcase classname="com.qa.centrum.eng.test.CentrumSampleMinisWomen50PlusTest" name="verifyCompareButton" time="18.917"/>
  <system-out/>
  <testcase classname="com.qa.centrum.eng.test.CentrumSampleMinisWomen50PlusTest" name="verifyRelatedProductOne" time="25.446"/>
  <system-out/>
  <testcase classname="com.qa.centrum.eng.test.CentrumSampleMinisWomen50PlusTest" name="verifyRelatedProductTwo" time="22.819"/>
  <system-out/>
  <testcase classname="com.qa.centrum.eng.test.CentrumSampleMinisWomen50PlusTest" name="verifyRelatedProductThree" time="29.544"/>
  <system-out/>
  <testcase classname="com.qa.centrum.eng.test.CentrumSampleMinisWomen50PlusTest" name="verifyRelatedProductFour" time="23.388"/>
  <system-out/>
  <testcase classname="com.qa.centrum.eng.test.CentrumSampleMinisWomen50PlusTest" name="verifyBuyNowOne" time="23.922"/>
  <system-out/>
  <testcase classname="com.qa.centrum.eng.test.CentrumSampleMinisWomen50PlusTest" name="verifyBuyNowTwo" time="16.228"/>
  <system-out/>
  <testcase classname="com.qa.centrum.eng.test.CentrumSampleMinisWomen50PlusTest" name="verifyBuyNowThree" time="25.751"/>
  <system-out/>
  <testcase classname="com.qa.centrum.eng.test.CentrumSampleMinisWomen50PlusTest" name="verifyBuyNowFour" time="17.146"/>
  <system-out/>
  <testcase classname="com.qa.centrum.eng.test.CentrumSampleMinisWomen50PlusTest" name="verifyCompareOne" time="34.441"/>
  <system-out/>
  <testcase classname="com.qa.centrum.eng.test.CentrumSampleMinisWomen50PlusTest" name="verifyCompareTwo" time="50.592"/>
  <system-out/>
  <testcase classname="com.qa.centrum.eng.test.CentrumSampleMinisWomen50PlusTest" name="verifyCompareThree" time="20.585"/>
  <system-out/>
  <testcase classname="com.qa.centrum.eng.test.CentrumSampleMinisWomen50PlusTest" name="verifyCompareFour" time="20.570"/>
  <system-out/>
  <testcase classname="com.qa.centrum.eng.test.CentrumSampleMinisWomen50PlusTest" name="verifyBrowseOne" time="26.604"/>
  <system-out/>
  <testcase classname="com.qa.centrum.eng.test.CentrumSampleMinisWomen50PlusTest" name="verifyBrowseTwo" time="19.473"/>
  <system-out/>
  <testcase classname="com.qa.centrum.eng.test.CentrumSampleMinisWomen50PlusTest" name="verifyBrowseThree" time="22.158"/>
  <system-out/>
  <testcase classname="com.qa.centrum.eng.test.CentrumSampleMinisWomen50PlusTest" name="verifyBrowseFour" time="23.638"/>
  <system-out/>
</testsuite> <!-- com.qa.centrum.eng.test.CentrumSampleMinisWomen50PlusTest -->
