<?xml version="1.0" encoding="UTF-8"?>
<!-- Generated by org.testng.reporters.JUnitReportReporter -->
<testsuite hostname="WKWZTPqvmdckJHX" failures="1" tests="26" name="com.qa.centrum.eng.test.CentrumSampleMultiOmega3Men50Test" time="841.068" errors="1" timestamp="2022-09-27T18:28:21 IST" skipped="0">
  <testcase classname="com.qa.centrum.eng.test.CentrumSampleMultiOmega3Men50Test" name="cookieButton" time="19.779"/>
  <system-out/>
  <testcase classname="com.qa.centrum.eng.test.CentrumSampleMultiOmega3Men50Test" name="verifyWriteAReviewBtn" time="26.567"/>
  <system-out/>
  <testcase classname="com.qa.centrum.eng.test.CentrumSampleMultiOmega3Men50Test" name="verifyBuyNowBtn" time="59.938">
    <error message="Expected condition failed: waiting for visibility of Proxy element for: DefaultElementLocator &#039;By.xpath: //div[@class=&#039;ps-header&#039;]&#039; (tried for 20 second(s) with 500 milliseconds interval)" type="org.openqa.selenium.TimeoutException">
      <![CDATA[org.openqa.selenium.TimeoutException: Expected condition failed: waiting for visibility of Proxy element for: DefaultElementLocator 'By.xpath: //div[@class='ps-header']' (tried for 20 second(s) with 500 milliseconds interval)
at org.openqa.selenium.support.ui.WebDriverWait.timeoutException(WebDriverWait.java:95)
at org.openqa.selenium.support.ui.FluentWait.until(FluentWait.java:272)
at com.qa.baseClass.BaseClass.visibilityOf(BaseClass.java:722)
at com.qa.centrum.eng.pages.CentrumMultiOmega3Men50Page.clickBuyNowBtn(CentrumMultiOmega3Men50Page.java:177)
at com.qa.centrum.eng.test.CentrumSampleMultiOmega3Men50Test.verifyBuyNowBtn(CentrumSampleMultiOmega3Men50Test.java:56)
at java.base/jdk.internal.reflect.DirectMethodHandleAccessor.invoke(DirectMethodHandleAccessor.java:104)
at java.base/java.lang.reflect.Method.invoke(Method.java:577)
at org.testng.internal.MethodInvocationHelper.invokeMethod(MethodInvocationHelper.java:133)
at org.testng.internal.TestInvoker.invokeMethod(TestInvoker.java:598)
at org.testng.internal.TestInvoker.invokeTestMethod(TestInvoker.java:173)
at org.testng.internal.MethodRunner.runInSequence(MethodRunner.java:46)
at org.testng.internal.TestInvoker$MethodInvocationAgent.invoke(TestInvoker.java:824)
at org.testng.internal.TestInvoker.invokeTestMethods(TestInvoker.java:146)
at org.testng.internal.TestMethodWorker.invokeTestMethods(TestMethodWorker.java:146)
at org.testng.internal.TestMethodWorker.run(TestMethodWorker.java:128)
at java.base/java.util.ArrayList.forEach(ArrayList.java:1511)
at org.testng.TestRunner.privateRun(TestRunner.java:794)
at org.testng.TestRunner.run(TestRunner.java:596)
at org.testng.SuiteRunner.runTest(SuiteRunner.java:377)
at org.testng.SuiteRunner.runSequentially(SuiteRunner.java:371)
at org.testng.SuiteRunner.privateRun(SuiteRunner.java:332)
at org.testng.SuiteRunner.run(SuiteRunner.java:276)
at org.testng.SuiteRunnerWorker.runSuite(SuiteRunnerWorker.java:53)
at org.testng.SuiteRunnerWorker.run(SuiteRunnerWorker.java:96)
at org.testng.TestNG.runSuitesSequentially(TestNG.java:1212)
at org.testng.TestNG.runSuitesLocally(TestNG.java:1134)
at org.testng.TestNG.runSuites(TestNG.java:1063)
at org.testng.TestNG.run(TestNG.java:1031)
at org.testng.remote.AbstractRemoteTestNG.run(AbstractRemoteTestNG.java:115)
at org.testng.remote.RemoteTestNG.initAndRun(RemoteTestNG.java:251)
at org.testng.remote.RemoteTestNG.main(RemoteTestNG.java:77)
Caused by: org.openqa.selenium.NoSuchElementException: no such element: Unable to locate element: {"method":"xpath","selector":"//div[@class='ps-header']"}
  (Session info: chrome=105.0.5195.102)
For documentation on this error, please visit: https://www.seleniumhq.org/exceptions/no_such_element.html
Build info: version: '3.141.59', revision: 'e82be7d358', time: '2018-11-14T08:17:03'
System info: host: 'WKWZTPQVMDCKJHX', ip: '192.168.110.49', os.name: 'Windows 11', os.arch: 'amd64', os.version: '10.0', java.version: '18.0.1'
Driver info: org.openqa.selenium.chrome.ChromeDriver
Capabilities {acceptInsecureCerts: false, browserName: chrome, browserVersion: 105.0.5195.102, chrome: {chromedriverVersion: 105.0.5195.52 (412c95e51883..., userDataDir: C:\Users\sujsekar\AppData\L...}, goog:chromeOptions: {debuggerAddress: localhost:62016}, javascriptEnabled: true, networkConnectionEnabled: false, pageLoadStrategy: normal, platform: WINDOWS, platformName: WINDOWS, proxy: Proxy(), setWindowRect: true, strictFileInteractability: false, timeouts: {implicit: 0, pageLoad: 300000, script: 30000}, unhandledPromptBehavior: dismiss and notify, webauthn:extension:credBlob: true, webauthn:extension:largeBlob: true, webauthn:virtualAuthenticators: true}
Session ID: b3d43bc3094698810c0b0a6c17b6424c
*** Element info: {Using=xpath, value=//div[@class='ps-header']}
at java.base/jdk.internal.reflect.DirectConstructorHandleAccessor.newInstance(DirectConstructorHandleAccessor.java:67)
at java.base/java.lang.reflect.Constructor.newInstanceWithCaller(Constructor.java:499)
at java.base/java.lang.reflect.Constructor.newInstance(Constructor.java:483)
at org.openqa.selenium.remote.http.W3CHttpResponseCodec.createException(W3CHttpResponseCodec.java:187)
at org.openqa.selenium.remote.http.W3CHttpResponseCodec.decode(W3CHttpResponseCodec.java:122)
at org.openqa.selenium.remote.http.W3CHttpResponseCodec.decode(W3CHttpResponseCodec.java:49)
at org.openqa.selenium.remote.HttpCommandExecutor.execute(HttpCommandExecutor.java:158)
at org.openqa.selenium.remote.service.DriverCommandExecutor.execute(DriverCommandExecutor.java:83)
at org.openqa.selenium.remote.RemoteWebDriver.execute(RemoteWebDriver.java:552)
at org.openqa.selenium.remote.RemoteWebDriver.findElement(RemoteWebDriver.java:323)
at org.openqa.selenium.remote.RemoteWebDriver.findElementByXPath(RemoteWebDriver.java:428)
at org.openqa.selenium.By$ByXPath.findElement(By.java:353)
at org.openqa.selenium.remote.RemoteWebDriver.findElement(RemoteWebDriver.java:315)
at org.openqa.selenium.support.pagefactory.DefaultElementLocator.findElement(DefaultElementLocator.java:69)
at org.openqa.selenium.support.pagefactory.internal.LocatingElementHandler.invoke(LocatingElementHandler.java:38)
at jdk.proxy2/jdk.proxy2.$Proxy14.isDisplayed(Unknown Source)
at org.openqa.selenium.support.ui.ExpectedConditions.elementIfVisible(ExpectedConditions.java:314)
at org.openqa.selenium.support.ui.ExpectedConditions.access$000(ExpectedConditions.java:43)
at org.openqa.selenium.support.ui.ExpectedConditions$10.apply(ExpectedConditions.java:300)
at org.openqa.selenium.support.ui.ExpectedConditions$10.apply(ExpectedConditions.java:297)
at org.openqa.selenium.support.ui.FluentWait.until(FluentWait.java:249)
... 29 more
]]>
    </error>
  </testcase> <!-- verifyBuyNowBtn -->
  <system-out/>
  <testcase classname="com.qa.centrum.eng.test.CentrumSampleMultiOmega3Men50Test" name="verifyGetCoupons" time="38.288">
    <failure message="expected [coupons/] but found [coupons_old/]" type="java.lang.AssertionError">
      <![CDATA[java.lang.AssertionError: expected [coupons/] but found [coupons_old/]
at org.testng.Assert.fail(Assert.java:99)
at org.testng.Assert.failNotEquals(Assert.java:1037)
at org.testng.Assert.assertEqualsImpl(Assert.java:140)
at org.testng.Assert.assertEquals(Assert.java:122)
at org.testng.Assert.assertEquals(Assert.java:629)
at org.testng.Assert.assertEquals(Assert.java:639)
at com.qa.baseClass.BaseClass.compareTwoText(BaseClass.java:739)
at com.qa.centrum.eng.test.CentrumSampleMultiOmega3Men50Test.verifyGetCoupons(CentrumSampleMultiOmega3Men50Test.java:71)
at java.base/jdk.internal.reflect.DirectMethodHandleAccessor.invoke(DirectMethodHandleAccessor.java:104)
at java.base/java.lang.reflect.Method.invoke(Method.java:577)
at org.testng.internal.MethodInvocationHelper.invokeMethod(MethodInvocationHelper.java:133)
at org.testng.internal.TestInvoker.invokeMethod(TestInvoker.java:598)
at org.testng.internal.TestInvoker.invokeTestMethod(TestInvoker.java:173)
at org.testng.internal.MethodRunner.runInSequence(MethodRunner.java:46)
at org.testng.internal.TestInvoker$MethodInvocationAgent.invoke(TestInvoker.java:824)
at org.testng.internal.TestInvoker.invokeTestMethods(TestInvoker.java:146)
at org.testng.internal.TestMethodWorker.invokeTestMethods(TestMethodWorker.java:146)
at org.testng.internal.TestMethodWorker.run(TestMethodWorker.java:128)
at java.base/java.util.ArrayList.forEach(ArrayList.java:1511)
at org.testng.TestRunner.privateRun(TestRunner.java:794)
at org.testng.TestRunner.run(TestRunner.java:596)
at org.testng.SuiteRunner.runTest(SuiteRunner.java:377)
at org.testng.SuiteRunner.runSequentially(SuiteRunner.java:371)
at org.testng.SuiteRunner.privateRun(SuiteRunner.java:332)
at org.testng.SuiteRunner.run(SuiteRunner.java:276)
at org.testng.SuiteRunnerWorker.runSuite(SuiteRunnerWorker.java:53)
at org.testng.SuiteRunnerWorker.run(SuiteRunnerWorker.java:96)
at org.testng.TestNG.runSuitesSequentially(TestNG.java:1212)
at org.testng.TestNG.runSuitesLocally(TestNG.java:1134)
at org.testng.TestNG.runSuites(TestNG.java:1063)
at org.testng.TestNG.run(TestNG.java:1031)
at org.testng.remote.AbstractRemoteTestNG.run(AbstractRemoteTestNG.java:115)
at org.testng.remote.RemoteTestNG.initAndRun(RemoteTestNG.java:251)
at org.testng.remote.RemoteTestNG.main(RemoteTestNG.java:77)
]]>
    </failure>
  </testcase> <!-- verifyGetCoupons -->
  <system-out/>
  <testcase classname="com.qa.centrum.eng.test.CentrumSampleMultiOmega3Men50Test" name="verifyVitaminAndMinerals" time="14.124"/>
  <system-out/>
  <testcase classname="com.qa.centrum.eng.test.CentrumSampleMultiOmega3Men50Test" name="verifyUsage" time="21.085"/>
  <system-out/>
  <testcase classname="com.qa.centrum.eng.test.CentrumSampleMultiOmega3Men50Test" name="verifyFAQ" time="14.716"/>
  <system-out/>
  <testcase classname="com.qa.centrum.eng.test.CentrumSampleMultiOmega3Men50Test" name="verifyTextImmuneSupportMen" time="9.857"/>
  <system-out/>
  <testcase classname="com.qa.centrum.eng.test.CentrumSampleMultiOmega3Men50Test" name="verifyCompareTab" time="24.599"/>
  <system-out/>
  <testcase classname="com.qa.centrum.eng.test.CentrumSampleMultiOmega3Men50Test" name="verifyCompareButton" time="30.260"/>
  <system-out/>
  <testcase classname="com.qa.centrum.eng.test.CentrumSampleMultiOmega3Men50Test" name="verifyRelatedProductOne" time="31.635"/>
  <system-out/>
  <testcase classname="com.qa.centrum.eng.test.CentrumSampleMultiOmega3Men50Test" name="verifyRelatedProductTwo" time="34.549"/>
  <system-out/>
  <testcase classname="com.qa.centrum.eng.test.CentrumSampleMultiOmega3Men50Test" name="verifyRelatedProductThree" time="31.851"/>
  <system-out/>
  <testcase classname="com.qa.centrum.eng.test.CentrumSampleMultiOmega3Men50Test" name="verifyRelatedProductFour" time="71.563"/>
  <system-out/>
  <testcase classname="com.qa.centrum.eng.test.CentrumSampleMultiOmega3Men50Test" name="verifyBuyNowOne" time="14.659"/>
  <system-out/>
  <testcase classname="com.qa.centrum.eng.test.CentrumSampleMultiOmega3Men50Test" name="verifyBuyNowTwo" time="31.115"/>
  <system-out/>
  <testcase classname="com.qa.centrum.eng.test.CentrumSampleMultiOmega3Men50Test" name="verifyBuyNowThree" time="58.577"/>
  <system-out/>
  <testcase classname="com.qa.centrum.eng.test.CentrumSampleMultiOmega3Men50Test" name="verifyBuyNowFour" time="47.469"/>
  <system-out/>
  <testcase classname="com.qa.centrum.eng.test.CentrumSampleMultiOmega3Men50Test" name="verifyCompareOne" time="66.293"/>
  <system-out/>
  <testcase classname="com.qa.centrum.eng.test.CentrumSampleMultiOmega3Men50Test" name="verifyCompareTwo" time="28.654"/>
  <system-out/>
  <testcase classname="com.qa.centrum.eng.test.CentrumSampleMultiOmega3Men50Test" name="verifyCompareThree" time="14.508"/>
  <system-out/>
  <testcase classname="com.qa.centrum.eng.test.CentrumSampleMultiOmega3Men50Test" name="verifyCompareFour" time="36.252"/>
  <system-out/>
  <testcase classname="com.qa.centrum.eng.test.CentrumSampleMultiOmega3Men50Test" name="verifyBrowseOne" time="32.874"/>
  <system-out/>
  <testcase classname="com.qa.centrum.eng.test.CentrumSampleMultiOmega3Men50Test" name="verifyBrowseTwo" time="22.490"/>
  <system-out/>
  <testcase classname="com.qa.centrum.eng.test.CentrumSampleMultiOmega3Men50Test" name="verifyBrowseThree" time="27.505"/>
  <system-out/>
  <testcase classname="com.qa.centrum.eng.test.CentrumSampleMultiOmega3Men50Test" name="verifyBrowseFour" time="31.861"/>
  <system-out/>
</testsuite> <!-- com.qa.centrum.eng.test.CentrumSampleMultiOmega3Men50Test -->
