<?xml version="1.0" encoding="UTF-8"?>
<!-- Generated by org.testng.reporters.JUnitReportReporter -->
<testsuite hostname="WKWZTPqvmdckJHX" failures="1" tests="26" name="com.qa.centrum.eng.test.CenryumSampleMultigummiesMenTest" time="333.458" errors="0" timestamp="2022-09-27T10:56:21 IST" skipped="0">
  <testcase classname="com.qa.centrum.eng.test.CenryumSampleMultigummiesMenTest" name="cookieButton" time="8.184"/>
  <system-out/>
  <testcase classname="com.qa.centrum.eng.test.CenryumSampleMultigummiesMenTest" name="verifyWriteAReviewBtn" time="10.003"/>
  <system-out/>
  <testcase classname="com.qa.centrum.eng.test.CenryumSampleMultigummiesMenTest" name="verifyBuyNowBtn" time="14.705"/>
  <system-out/>
  <testcase classname="com.qa.centrum.eng.test.CenryumSampleMultigummiesMenTest" name="verifyGetCoupons" time="12.110">
    <failure message="expected [coupons/] but found [coupons_old/]" type="java.lang.AssertionError">
      <![CDATA[java.lang.AssertionError: expected [coupons/] but found [coupons_old/]
at org.testng.Assert.fail(Assert.java:99)
at org.testng.Assert.failNotEquals(Assert.java:1037)
at org.testng.Assert.assertEqualsImpl(Assert.java:140)
at org.testng.Assert.assertEquals(Assert.java:122)
at org.testng.Assert.assertEquals(Assert.java:629)
at org.testng.Assert.assertEquals(Assert.java:639)
at com.qa.baseClass.BaseClass.compareTwoText(BaseClass.java:739)
at com.qa.centrum.eng.test.CenryumSampleMultigummiesMenTest.verifyGetCoupons(CenryumSampleMultigummiesMenTest.java:71)
at java.base/jdk.internal.reflect.DirectMethodHandleAccessor.invoke(DirectMethodHandleAccessor.java:104)
at java.base/java.lang.reflect.Method.invoke(Method.java:577)
at org.testng.internal.MethodInvocationHelper.invokeMethod(MethodInvocationHelper.java:133)
at org.testng.internal.TestInvoker.invokeMethod(TestInvoker.java:598)
at org.testng.internal.TestInvoker.invokeTestMethod(TestInvoker.java:173)
at org.testng.internal.MethodRunner.runInSequence(MethodRunner.java:46)
at org.testng.internal.TestInvoker$MethodInvocationAgent.invoke(TestInvoker.java:824)
at org.testng.internal.TestInvoker.invokeTestMethods(TestInvoker.java:146)
at org.testng.internal.TestMethodWorker.invokeTestMethods(TestMethodWorker.java:146)
at org.testng.internal.TestMethodWorker.run(TestMethodWorker.java:128)
at java.base/java.util.ArrayList.forEach(ArrayList.java:1511)
at org.testng.TestRunner.privateRun(TestRunner.java:794)
at org.testng.TestRunner.run(TestRunner.java:596)
at org.testng.SuiteRunner.runTest(SuiteRunner.java:377)
at org.testng.SuiteRunner.runSequentially(SuiteRunner.java:371)
at org.testng.SuiteRunner.privateRun(SuiteRunner.java:332)
at org.testng.SuiteRunner.run(SuiteRunner.java:276)
at org.testng.SuiteRunnerWorker.runSuite(SuiteRunnerWorker.java:53)
at org.testng.SuiteRunnerWorker.run(SuiteRunnerWorker.java:96)
at org.testng.TestNG.runSuitesSequentially(TestNG.java:1212)
at org.testng.TestNG.runSuitesLocally(TestNG.java:1134)
at org.testng.TestNG.runSuites(TestNG.java:1063)
at org.testng.TestNG.run(TestNG.java:1031)
at org.testng.remote.AbstractRemoteTestNG.run(AbstractRemoteTestNG.java:115)
at org.testng.remote.RemoteTestNG.initAndRun(RemoteTestNG.java:251)
at org.testng.remote.RemoteTestNG.main(RemoteTestNG.java:77)
]]>
    </failure>
  </testcase> <!-- verifyGetCoupons -->
  <system-out/>
  <testcase classname="com.qa.centrum.eng.test.CenryumSampleMultigummiesMenTest" name="verifyVitaminAndMinerals" time="9.881"/>
  <system-out/>
  <testcase classname="com.qa.centrum.eng.test.CenryumSampleMultigummiesMenTest" name="verifyUsage" time="13.259"/>
  <system-out/>
  <testcase classname="com.qa.centrum.eng.test.CenryumSampleMultigummiesMenTest" name="verifyFAQ" time="8.092"/>
  <system-out/>
  <testcase classname="com.qa.centrum.eng.test.CenryumSampleMultigummiesMenTest" name="verifyTextImmuneSupportMen" time="6.075"/>
  <system-out/>
  <testcase classname="com.qa.centrum.eng.test.CenryumSampleMultigummiesMenTest" name="verifyCompareTab" time="11.261"/>
  <system-out/>
  <testcase classname="com.qa.centrum.eng.test.CenryumSampleMultigummiesMenTest" name="verifyCompareButton" time="12.460"/>
  <system-out/>
  <testcase classname="com.qa.centrum.eng.test.CenryumSampleMultigummiesMenTest" name="verifyRelatedProductOne" time="15.375"/>
  <system-out/>
  <testcase classname="com.qa.centrum.eng.test.CenryumSampleMultigummiesMenTest" name="verifyRelatedProductTwo" time="14.887"/>
  <system-out/>
  <testcase classname="com.qa.centrum.eng.test.CenryumSampleMultigummiesMenTest" name="verifyRelatedProductThree" time="16.416"/>
  <system-out/>
  <testcase classname="com.qa.centrum.eng.test.CenryumSampleMultigummiesMenTest" name="verifyRelatedProductFour" time="20.409"/>
  <system-out/>
  <testcase classname="com.qa.centrum.eng.test.CenryumSampleMultigummiesMenTest" name="verifyBuyNowOne" time="12.810"/>
  <system-out/>
  <testcase classname="com.qa.centrum.eng.test.CenryumSampleMultigummiesMenTest" name="verifyBuyNowTwo" time="10.793"/>
  <system-out/>
  <testcase classname="com.qa.centrum.eng.test.CenryumSampleMultigummiesMenTest" name="verifyBuyNowThree" time="9.797"/>
  <system-out/>
  <testcase classname="com.qa.centrum.eng.test.CenryumSampleMultigummiesMenTest" name="verifyBuyNowFour" time="15.268"/>
  <system-out/>
  <testcase classname="com.qa.centrum.eng.test.CenryumSampleMultigummiesMenTest" name="verifyCompareOne" time="12.887"/>
  <system-out/>
  <testcase classname="com.qa.centrum.eng.test.CenryumSampleMultigummiesMenTest" name="verifyCompareTwo" time="12.139"/>
  <system-out/>
  <testcase classname="com.qa.centrum.eng.test.CenryumSampleMultigummiesMenTest" name="verifyCompareThree" time="12.460"/>
  <system-out/>
  <testcase classname="com.qa.centrum.eng.test.CenryumSampleMultigummiesMenTest" name="verifyCompareFour" time="15.245"/>
  <system-out/>
  <testcase classname="com.qa.centrum.eng.test.CenryumSampleMultigummiesMenTest" name="verifyBrowseOne" time="15.053"/>
  <system-out/>
  <testcase classname="com.qa.centrum.eng.test.CenryumSampleMultigummiesMenTest" name="verifyBrowseTwo" time="14.252"/>
  <system-out/>
  <testcase classname="com.qa.centrum.eng.test.CenryumSampleMultigummiesMenTest" name="verifyBrowseThree" time="16.558"/>
  <system-out/>
  <testcase classname="com.qa.centrum.eng.test.CenryumSampleMultigummiesMenTest" name="verifyBrowseFour" time="13.079"/>
  <system-out/>
</testsuite> <!-- com.qa.centrum.eng.test.CenryumSampleMultigummiesMenTest -->
