<?xml version="1.0" encoding="UTF-8"?>
<!-- Generated by org.testng.reporters.JUnitReportReporter -->
<testsuite hostname="WKWZTPqvmdckJHX" failures="0" tests="26" name="com.qa.centrum.eng.test.CentrumSampleLearnVitaminsImportantTest" time="201.733" errors="2" timestamp="2022-09-02T11:32:56 IST" skipped="0">
  <testcase classname="com.qa.centrum.eng.test.CentrumSampleLearnVitaminsImportantTest" name="cookieButton" time="4.480"/>
  <system-out/>
  <testcase classname="com.qa.centrum.eng.test.CentrumSampleLearnVitaminsImportantTest" name="verifySupportImmunity" time="7.108"/>
  <system-out/>
  <testcase classname="com.qa.centrum.eng.test.CentrumSampleLearnVitaminsImportantTest" name="verifyMaintainStrongBones" time="6.455"/>
  <system-out/>
  <testcase classname="com.qa.centrum.eng.test.CentrumSampleLearnVitaminsImportantTest" name="verifyMeetingYourNutritionalNeeds" time="8.623"/>
  <system-out/>
  <testcase classname="com.qa.centrum.eng.test.CentrumSampleLearnVitaminsImportantTest" name="verifyPaleo" time="6.101"/>
  <system-out/>
  <testcase classname="com.qa.centrum.eng.test.CentrumSampleLearnVitaminsImportantTest" name="verifyKeto" time="6.213"/>
  <system-out/>
  <testcase classname="com.qa.centrum.eng.test.CentrumSampleLearnVitaminsImportantTest" name="verifyVegetarianLinkOne" time="5.954"/>
  <system-out/>
  <testcase classname="com.qa.centrum.eng.test.CentrumSampleLearnVitaminsImportantTest" name="verifyVegetarianLinkTwo" time="6.513"/>
  <system-out/>
  <testcase classname="com.qa.centrum.eng.test.CentrumSampleLearnVitaminsImportantTest" name="verifyVegan" time="6.539"/>
  <system-out/>
  <testcase classname="com.qa.centrum.eng.test.CentrumSampleLearnVitaminsImportantTest" name="verifyOysters" time="7.739"/>
  <system-out/>
  <testcase classname="com.qa.centrum.eng.test.CentrumSampleLearnVitaminsImportantTest" name="verifyPinkSalmon" time="7.426"/>
  <system-out/>
  <testcase classname="com.qa.centrum.eng.test.CentrumSampleLearnVitaminsImportantTest" name="verifyAlmonds" time="6.771"/>
  <system-out/>
  <testcase classname="com.qa.centrum.eng.test.CentrumSampleLearnVitaminsImportantTest" name="verifySpinach" time="8.546"/>
  <system-out/>
  <testcase classname="com.qa.centrum.eng.test.CentrumSampleLearnVitaminsImportantTest" name="verifyHalibut" time="8.723"/>
  <system-out/>
  <testcase classname="com.qa.centrum.eng.test.CentrumSampleLearnVitaminsImportantTest" name="verifyAvocados" time="9.892"/>
  <system-out/>
  <testcase classname="com.qa.centrum.eng.test.CentrumSampleLearnVitaminsImportantTest" name="verifyChickPeas" time="10.218"/>
  <system-out/>
  <testcase classname="com.qa.centrum.eng.test.CentrumSampleLearnVitaminsImportantTest" name="verifyGreekYogurt" time="9.392"/>
  <system-out/>
  <testcase classname="com.qa.centrum.eng.test.CentrumSampleLearnVitaminsImportantTest" name="verifyShowReference" time="3.266"/>
  <system-out/>
  <testcase classname="com.qa.centrum.eng.test.CentrumSampleLearnVitaminsImportantTest" name="verifyMultivitamins" time="12.603"/>
  <system-out/>
  <testcase classname="com.qa.centrum.eng.test.CentrumSampleLearnVitaminsImportantTest" name="verifyBenefitBlends" time="12.608"/>
  <system-out/>
  <testcase classname="com.qa.centrum.eng.test.CentrumSampleLearnVitaminsImportantTest" name="verifyWholeFoodBlends" time="9.612"/>
  <system-out/>
  <testcase classname="com.qa.centrum.eng.test.CentrumSampleLearnVitaminsImportantTest" name="verifySeeAllProducts" time="12.301"/>
  <system-out/>
  <testcase classname="com.qa.centrum.eng.test.CentrumSampleLearnVitaminsImportantTest" name="verifyArticleOne" time="8.065"/>
  <system-out/>
  <testcase classname="com.qa.centrum.eng.test.CentrumSampleLearnVitaminsImportantTest" name="verifyArticleTwo" time="8.590"/>
  <system-out/>
  <testcase classname="com.qa.centrum.eng.test.CentrumSampleLearnVitaminsImportantTest" name="verifyArticleThree" time="3.963">
    <error message="element click intercepted: Element &lt;strong&gt;...&lt;/strong&gt; is not clickable at point (771, 544). Other element would receive the click: &lt;h2 class=&quot;heading&quot;&gt;...&lt;/h2&gt;
  (Session info: chrome=104.0.5112.102)
Build info: version: &#039;3.141.59&#039;, revision: &#039;e82be7d358&#039;, time: &#039;2018-11-14T08:17:03&#039;
System info: host: &#039;WKWZTPQVMDCKJHX&#039;, ip: &#039;192.168.0.103&#039;, os.name: &#039;Windows 11&#039;, os.arch: &#039;amd64&#039;, os.version: &#039;10.0&#039;, java.version: &#039;18.0.1&#039;
Driver info: org.openqa.selenium.chrome.ChromeDriver
Capabilities {acceptInsecureCerts: false, browserName: chrome, browserVersion: 104.0.5112.102, chrome: {chromedriverVersion: 103.0.5060.134 (8ec6fce403b..., userDataDir: C:\Users\sujsekar\AppData\L...}, goog:chromeOptions: {debuggerAddress: localhost:50765}, javascriptEnabled: true, networkConnectionEnabled: false, pageLoadStrategy: normal, platform: WINDOWS, platformName: WINDOWS, proxy: Proxy(), setWindowRect: true, strictFileInteractability: false, timeouts: {implicit: 0, pageLoad: 300000, script: 30000}, unhandledPromptBehavior: dismiss and notify, webauthn:extension:credBlob: true, webauthn:extension:largeBlob: true, webauthn:virtualAuthenticators: true}
Session ID: cd96bf551aaf0b817fa5e67eb52839a5" type="org.openqa.selenium.ElementClickInterceptedException">
      <![CDATA[org.openqa.selenium.ElementClickInterceptedException: element click intercepted: Element <strong>...</strong> is not clickable at point (771, 544). Other element would receive the click: <h2 class="heading">...</h2>
  (Session info: chrome=104.0.5112.102)
Build info: version: '3.141.59', revision: 'e82be7d358', time: '2018-11-14T08:17:03'
System info: host: 'WKWZTPQVMDCKJHX', ip: '192.168.0.103', os.name: 'Windows 11', os.arch: 'amd64', os.version: '10.0', java.version: '18.0.1'
Driver info: org.openqa.selenium.chrome.ChromeDriver
Capabilities {acceptInsecureCerts: false, browserName: chrome, browserVersion: 104.0.5112.102, chrome: {chromedriverVersion: 103.0.5060.134 (8ec6fce403b..., userDataDir: C:\Users\sujsekar\AppData\L...}, goog:chromeOptions: {debuggerAddress: localhost:50765}, javascriptEnabled: true, networkConnectionEnabled: false, pageLoadStrategy: normal, platform: WINDOWS, platformName: WINDOWS, proxy: Proxy(), setWindowRect: true, strictFileInteractability: false, timeouts: {implicit: 0, pageLoad: 300000, script: 30000}, unhandledPromptBehavior: dismiss and notify, webauthn:extension:credBlob: true, webauthn:extension:largeBlob: true, webauthn:virtualAuthenticators: true}
Session ID: cd96bf551aaf0b817fa5e67eb52839a5
at java.base/jdk.internal.reflect.DirectConstructorHandleAccessor.newInstance(DirectConstructorHandleAccessor.java:67)
at java.base/java.lang.reflect.Constructor.newInstanceWithCaller(Constructor.java:499)
at java.base/java.lang.reflect.Constructor.newInstance(Constructor.java:483)
at org.openqa.selenium.remote.http.W3CHttpResponseCodec.createException(W3CHttpResponseCodec.java:187)
at org.openqa.selenium.remote.http.W3CHttpResponseCodec.decode(W3CHttpResponseCodec.java:122)
at org.openqa.selenium.remote.http.W3CHttpResponseCodec.decode(W3CHttpResponseCodec.java:49)
at org.openqa.selenium.remote.HttpCommandExecutor.execute(HttpCommandExecutor.java:158)
at org.openqa.selenium.remote.service.DriverCommandExecutor.execute(DriverCommandExecutor.java:83)
at org.openqa.selenium.remote.RemoteWebDriver.execute(RemoteWebDriver.java:552)
at org.openqa.selenium.remote.RemoteWebElement.execute(RemoteWebElement.java:285)
at org.openqa.selenium.remote.RemoteWebElement.click(RemoteWebElement.java:84)
at java.base/jdk.internal.reflect.DirectMethodHandleAccessor.invoke(DirectMethodHandleAccessor.java:104)
at java.base/java.lang.reflect.Method.invoke(Method.java:577)
at org.openqa.selenium.support.pagefactory.internal.LocatingElementHandler.invoke(LocatingElementHandler.java:51)
at jdk.proxy2/jdk.proxy2.$Proxy14.click(Unknown Source)
at com.qa.baseClass.BaseClass.elementClick(BaseClass.java:161)
at com.qa.centrum.eng.pages.LearnWhyAreVitaminsImportantPage.clickArticleThree(LearnWhyAreVitaminsImportantPage.java:249)
at com.qa.centrum.eng.test.CentrumSampleLearnVitaminsImportantTest.verifyArticleThree(CentrumSampleLearnVitaminsImportantTest.java:325)
at java.base/jdk.internal.reflect.DirectMethodHandleAccessor.invoke(DirectMethodHandleAccessor.java:104)
at java.base/java.lang.reflect.Method.invoke(Method.java:577)
at org.testng.internal.MethodInvocationHelper.invokeMethod(MethodInvocationHelper.java:133)
at org.testng.internal.TestInvoker.invokeMethod(TestInvoker.java:598)
at org.testng.internal.TestInvoker.invokeTestMethod(TestInvoker.java:173)
at org.testng.internal.MethodRunner.runInSequence(MethodRunner.java:46)
at org.testng.internal.TestInvoker$MethodInvocationAgent.invoke(TestInvoker.java:824)
at org.testng.internal.TestInvoker.invokeTestMethods(TestInvoker.java:146)
at org.testng.internal.TestMethodWorker.invokeTestMethods(TestMethodWorker.java:146)
at org.testng.internal.TestMethodWorker.run(TestMethodWorker.java:128)
at java.base/java.util.ArrayList.forEach(ArrayList.java:1511)
at org.testng.TestRunner.privateRun(TestRunner.java:794)
at org.testng.TestRunner.run(TestRunner.java:596)
at org.testng.SuiteRunner.runTest(SuiteRunner.java:377)
at org.testng.SuiteRunner.runSequentially(SuiteRunner.java:371)
at org.testng.SuiteRunner.privateRun(SuiteRunner.java:332)
at org.testng.SuiteRunner.run(SuiteRunner.java:276)
at org.testng.SuiteRunnerWorker.runSuite(SuiteRunnerWorker.java:53)
at org.testng.SuiteRunnerWorker.run(SuiteRunnerWorker.java:96)
at org.testng.TestNG.runSuitesSequentially(TestNG.java:1212)
at org.testng.TestNG.runSuitesLocally(TestNG.java:1134)
at org.testng.TestNG.runSuites(TestNG.java:1063)
at org.testng.TestNG.run(TestNG.java:1031)
at org.testng.remote.AbstractRemoteTestNG.run(AbstractRemoteTestNG.java:115)
at org.testng.remote.RemoteTestNG.initAndRun(RemoteTestNG.java:251)
at org.testng.remote.RemoteTestNG.main(RemoteTestNG.java:77)
]]>
    </error>
  </testcase> <!-- verifyArticleThree -->
  <system-out/>
  <testcase classname="com.qa.centrum.eng.test.CentrumSampleLearnVitaminsImportantTest" name="verifyArticleFour" time="4.032">
    <error message="element click intercepted: Element &lt;strong&gt;...&lt;/strong&gt; is not clickable at point (1051, 551). Other element would receive the click: &lt;div class=&quot;richTextEnhanced richText section richTextHyperlinkedImage gigya-heading first odd component col-xs-12&quot;&gt;...&lt;/div&gt;
  (Session info: chrome=104.0.5112.102)
Build info: version: &#039;3.141.59&#039;, revision: &#039;e82be7d358&#039;, time: &#039;2018-11-14T08:17:03&#039;
System info: host: &#039;WKWZTPQVMDCKJHX&#039;, ip: &#039;192.168.0.103&#039;, os.name: &#039;Windows 11&#039;, os.arch: &#039;amd64&#039;, os.version: &#039;10.0&#039;, java.version: &#039;18.0.1&#039;
Driver info: org.openqa.selenium.chrome.ChromeDriver
Capabilities {acceptInsecureCerts: false, browserName: chrome, browserVersion: 104.0.5112.102, chrome: {chromedriverVersion: 103.0.5060.134 (8ec6fce403b..., userDataDir: C:\Users\sujsekar\AppData\L...}, goog:chromeOptions: {debuggerAddress: localhost:50765}, javascriptEnabled: true, networkConnectionEnabled: false, pageLoadStrategy: normal, platform: WINDOWS, platformName: WINDOWS, proxy: Proxy(), setWindowRect: true, strictFileInteractability: false, timeouts: {implicit: 0, pageLoad: 300000, script: 30000}, unhandledPromptBehavior: dismiss and notify, webauthn:extension:credBlob: true, webauthn:extension:largeBlob: true, webauthn:virtualAuthenticators: true}
Session ID: cd96bf551aaf0b817fa5e67eb52839a5" type="org.openqa.selenium.ElementClickInterceptedException">
      <![CDATA[org.openqa.selenium.ElementClickInterceptedException: element click intercepted: Element <strong>...</strong> is not clickable at point (1051, 551). Other element would receive the click: <div class="richTextEnhanced richText section richTextHyperlinkedImage gigya-heading first odd component col-xs-12">...</div>
  (Session info: chrome=104.0.5112.102)
Build info: version: '3.141.59', revision: 'e82be7d358', time: '2018-11-14T08:17:03'
System info: host: 'WKWZTPQVMDCKJHX', ip: '192.168.0.103', os.name: 'Windows 11', os.arch: 'amd64', os.version: '10.0', java.version: '18.0.1'
Driver info: org.openqa.selenium.chrome.ChromeDriver
Capabilities {acceptInsecureCerts: false, browserName: chrome, browserVersion: 104.0.5112.102, chrome: {chromedriverVersion: 103.0.5060.134 (8ec6fce403b..., userDataDir: C:\Users\sujsekar\AppData\L...}, goog:chromeOptions: {debuggerAddress: localhost:50765}, javascriptEnabled: true, networkConnectionEnabled: false, pageLoadStrategy: normal, platform: WINDOWS, platformName: WINDOWS, proxy: Proxy(), setWindowRect: true, strictFileInteractability: false, timeouts: {implicit: 0, pageLoad: 300000, script: 30000}, unhandledPromptBehavior: dismiss and notify, webauthn:extension:credBlob: true, webauthn:extension:largeBlob: true, webauthn:virtualAuthenticators: true}
Session ID: cd96bf551aaf0b817fa5e67eb52839a5
at java.base/jdk.internal.reflect.DirectConstructorHandleAccessor.newInstance(DirectConstructorHandleAccessor.java:67)
at java.base/java.lang.reflect.Constructor.newInstanceWithCaller(Constructor.java:499)
at java.base/java.lang.reflect.Constructor.newInstance(Constructor.java:483)
at org.openqa.selenium.remote.http.W3CHttpResponseCodec.createException(W3CHttpResponseCodec.java:187)
at org.openqa.selenium.remote.http.W3CHttpResponseCodec.decode(W3CHttpResponseCodec.java:122)
at org.openqa.selenium.remote.http.W3CHttpResponseCodec.decode(W3CHttpResponseCodec.java:49)
at org.openqa.selenium.remote.HttpCommandExecutor.execute(HttpCommandExecutor.java:158)
at org.openqa.selenium.remote.service.DriverCommandExecutor.execute(DriverCommandExecutor.java:83)
at org.openqa.selenium.remote.RemoteWebDriver.execute(RemoteWebDriver.java:552)
at org.openqa.selenium.remote.RemoteWebElement.execute(RemoteWebElement.java:285)
at org.openqa.selenium.remote.RemoteWebElement.click(RemoteWebElement.java:84)
at java.base/jdk.internal.reflect.DirectMethodHandleAccessor.invoke(DirectMethodHandleAccessor.java:104)
at java.base/java.lang.reflect.Method.invoke(Method.java:577)
at org.openqa.selenium.support.pagefactory.internal.LocatingElementHandler.invoke(LocatingElementHandler.java:51)
at jdk.proxy2/jdk.proxy2.$Proxy14.click(Unknown Source)
at com.qa.baseClass.BaseClass.elementClick(BaseClass.java:161)
at com.qa.centrum.eng.pages.LearnWhyAreVitaminsImportantPage.clickArticleFour(LearnWhyAreVitaminsImportantPage.java:254)
at com.qa.centrum.eng.test.CentrumSampleLearnVitaminsImportantTest.verifyArticleFour(CentrumSampleLearnVitaminsImportantTest.java:337)
at java.base/jdk.internal.reflect.DirectMethodHandleAccessor.invoke(DirectMethodHandleAccessor.java:104)
at java.base/java.lang.reflect.Method.invoke(Method.java:577)
at org.testng.internal.MethodInvocationHelper.invokeMethod(MethodInvocationHelper.java:133)
at org.testng.internal.TestInvoker.invokeMethod(TestInvoker.java:598)
at org.testng.internal.TestInvoker.invokeTestMethod(TestInvoker.java:173)
at org.testng.internal.MethodRunner.runInSequence(MethodRunner.java:46)
at org.testng.internal.TestInvoker$MethodInvocationAgent.invoke(TestInvoker.java:824)
at org.testng.internal.TestInvoker.invokeTestMethods(TestInvoker.java:146)
at org.testng.internal.TestMethodWorker.invokeTestMethods(TestMethodWorker.java:146)
at org.testng.internal.TestMethodWorker.run(TestMethodWorker.java:128)
at java.base/java.util.ArrayList.forEach(ArrayList.java:1511)
at org.testng.TestRunner.privateRun(TestRunner.java:794)
at org.testng.TestRunner.run(TestRunner.java:596)
at org.testng.SuiteRunner.runTest(SuiteRunner.java:377)
at org.testng.SuiteRunner.runSequentially(SuiteRunner.java:371)
at org.testng.SuiteRunner.privateRun(SuiteRunner.java:332)
at org.testng.SuiteRunner.run(SuiteRunner.java:276)
at org.testng.SuiteRunnerWorker.runSuite(SuiteRunnerWorker.java:53)
at org.testng.SuiteRunnerWorker.run(SuiteRunnerWorker.java:96)
at org.testng.TestNG.runSuitesSequentially(TestNG.java:1212)
at org.testng.TestNG.runSuitesLocally(TestNG.java:1134)
at org.testng.TestNG.runSuites(TestNG.java:1063)
at org.testng.TestNG.run(TestNG.java:1031)
at org.testng.remote.AbstractRemoteTestNG.run(AbstractRemoteTestNG.java:115)
at org.testng.remote.RemoteTestNG.initAndRun(RemoteTestNG.java:251)
at org.testng.remote.RemoteTestNG.main(RemoteTestNG.java:77)
]]>
    </error>
  </testcase> <!-- verifyArticleFour -->
  <system-out/>
</testsuite> <!-- com.qa.centrum.eng.test.CentrumSampleLearnVitaminsImportantTest -->
