<?xml version="1.0" encoding="UTF-8"?>
<!-- Generated by org.testng.reporters.JUnitReportReporter -->
<testsuite hostname="WKWZTPqvmdckJHX" failures="1" tests="26" name="com.qa.centrum.eng.test.CentrumSampleMultigummiesWomenTest" time="420.275" errors="0" timestamp="2022-09-27T14:20:24 IST" skipped="0">
  <testcase classname="com.qa.centrum.eng.test.CentrumSampleMultigummiesWomenTest" name="cookieButton" time="9.902"/>
  <system-out/>
  <testcase classname="com.qa.centrum.eng.test.CentrumSampleMultigummiesWomenTest" name="verifyWriteAReviewBtn" time="13.896"/>
  <system-out/>
  <testcase classname="com.qa.centrum.eng.test.CentrumSampleMultigummiesWomenTest" name="verifyBuyNowBtn" time="17.853"/>
  <system-out/>
  <testcase classname="com.qa.centrum.eng.test.CentrumSampleMultigummiesWomenTest" name="verifyGetCoupons" time="15.482">
    <failure message="expected [coupons/] but found [coupons_old/]" type="java.lang.AssertionError">
      <![CDATA[java.lang.AssertionError: expected [coupons/] but found [coupons_old/]
at org.testng.Assert.fail(Assert.java:99)
at org.testng.Assert.failNotEquals(Assert.java:1037)
at org.testng.Assert.assertEqualsImpl(Assert.java:140)
at org.testng.Assert.assertEquals(Assert.java:122)
at org.testng.Assert.assertEquals(Assert.java:629)
at org.testng.Assert.assertEquals(Assert.java:639)
at com.qa.baseClass.BaseClass.compareTwoText(BaseClass.java:739)
at com.qa.centrum.eng.test.CentrumSampleMultigummiesWomenTest.verifyGetCoupons(CentrumSampleMultigummiesWomenTest.java:71)
at java.base/jdk.internal.reflect.DirectMethodHandleAccessor.invoke(DirectMethodHandleAccessor.java:104)
at java.base/java.lang.reflect.Method.invoke(Method.java:577)
at org.testng.internal.MethodInvocationHelper.invokeMethod(MethodInvocationHelper.java:133)
at org.testng.internal.TestInvoker.invokeMethod(TestInvoker.java:598)
at org.testng.internal.TestInvoker.invokeTestMethod(TestInvoker.java:173)
at org.testng.internal.MethodRunner.runInSequence(MethodRunner.java:46)
at org.testng.internal.TestInvoker$MethodInvocationAgent.invoke(TestInvoker.java:824)
at org.testng.internal.TestInvoker.invokeTestMethods(TestInvoker.java:146)
at org.testng.internal.TestMethodWorker.invokeTestMethods(TestMethodWorker.java:146)
at org.testng.internal.TestMethodWorker.run(TestMethodWorker.java:128)
at java.base/java.util.ArrayList.forEach(ArrayList.java:1511)
at org.testng.TestRunner.privateRun(TestRunner.java:794)
at org.testng.TestRunner.run(TestRunner.java:596)
at org.testng.SuiteRunner.runTest(SuiteRunner.java:377)
at org.testng.SuiteRunner.runSequentially(SuiteRunner.java:371)
at org.testng.SuiteRunner.privateRun(SuiteRunner.java:332)
at org.testng.SuiteRunner.run(SuiteRunner.java:276)
at org.testng.SuiteRunnerWorker.runSuite(SuiteRunnerWorker.java:53)
at org.testng.SuiteRunnerWorker.run(SuiteRunnerWorker.java:96)
at org.testng.TestNG.runSuitesSequentially(TestNG.java:1212)
at org.testng.TestNG.runSuitesLocally(TestNG.java:1134)
at org.testng.TestNG.runSuites(TestNG.java:1063)
at org.testng.TestNG.run(TestNG.java:1031)
at org.testng.remote.AbstractRemoteTestNG.run(AbstractRemoteTestNG.java:115)
at org.testng.remote.RemoteTestNG.initAndRun(RemoteTestNG.java:251)
at org.testng.remote.RemoteTestNG.main(RemoteTestNG.java:77)
]]>
    </failure>
  </testcase> <!-- verifyGetCoupons -->
  <system-out/>
  <testcase classname="com.qa.centrum.eng.test.CentrumSampleMultigummiesWomenTest" name="verifyVitaminAndMinerals" time="17.956"/>
  <system-out/>
  <testcase classname="com.qa.centrum.eng.test.CentrumSampleMultigummiesWomenTest" name="verifyUsage" time="13.817"/>
  <system-out/>
  <testcase classname="com.qa.centrum.eng.test.CentrumSampleMultigummiesWomenTest" name="verifyFAQ" time="10.938"/>
  <system-out/>
  <testcase classname="com.qa.centrum.eng.test.CentrumSampleMultigummiesWomenTest" name="verifyTextImmuneSupportMen" time="8.093"/>
  <system-out/>
  <testcase classname="com.qa.centrum.eng.test.CentrumSampleMultigummiesWomenTest" name="verifyCompareTab" time="13.889"/>
  <system-out/>
  <testcase classname="com.qa.centrum.eng.test.CentrumSampleMultigummiesWomenTest" name="verifyCompareButton" time="11.394"/>
  <system-out/>
  <testcase classname="com.qa.centrum.eng.test.CentrumSampleMultigummiesWomenTest" name="verifyRelatedProductOne" time="20.204"/>
  <system-out/>
  <testcase classname="com.qa.centrum.eng.test.CentrumSampleMultigummiesWomenTest" name="verifyRelatedProductTwo" time="17.484"/>
  <system-out/>
  <testcase classname="com.qa.centrum.eng.test.CentrumSampleMultigummiesWomenTest" name="verifyRelatedProductThree" time="14.628"/>
  <system-out/>
  <testcase classname="com.qa.centrum.eng.test.CentrumSampleMultigummiesWomenTest" name="verifyRelatedProductFour" time="21.506"/>
  <system-out/>
  <testcase classname="com.qa.centrum.eng.test.CentrumSampleMultigummiesWomenTest" name="verifyBuyNowOne" time="11.017"/>
  <system-out/>
  <testcase classname="com.qa.centrum.eng.test.CentrumSampleMultigummiesWomenTest" name="verifyBuyNowTwo" time="33.488"/>
  <system-out/>
  <testcase classname="com.qa.centrum.eng.test.CentrumSampleMultigummiesWomenTest" name="verifyBuyNowThree" time="10.834"/>
  <system-out/>
  <testcase classname="com.qa.centrum.eng.test.CentrumSampleMultigummiesWomenTest" name="verifyBuyNowFour" time="12.337"/>
  <system-out/>
  <testcase classname="com.qa.centrum.eng.test.CentrumSampleMultigummiesWomenTest" name="verifyCompareOne" time="28.595"/>
  <system-out/>
  <testcase classname="com.qa.centrum.eng.test.CentrumSampleMultigummiesWomenTest" name="verifyCompareTwo" time="13.011"/>
  <system-out/>
  <testcase classname="com.qa.centrum.eng.test.CentrumSampleMultigummiesWomenTest" name="verifyCompareThree" time="17.216"/>
  <system-out/>
  <testcase classname="com.qa.centrum.eng.test.CentrumSampleMultigummiesWomenTest" name="verifyCompareFour" time="16.915"/>
  <system-out/>
  <testcase classname="com.qa.centrum.eng.test.CentrumSampleMultigummiesWomenTest" name="verifyBrowseOne" time="22.003"/>
  <system-out/>
  <testcase classname="com.qa.centrum.eng.test.CentrumSampleMultigummiesWomenTest" name="verifyBrowseTwo" time="17.208"/>
  <system-out/>
  <testcase classname="com.qa.centrum.eng.test.CentrumSampleMultigummiesWomenTest" name="verifyBrowseThree" time="15.105"/>
  <system-out/>
  <testcase classname="com.qa.centrum.eng.test.CentrumSampleMultigummiesWomenTest" name="verifyBrowseFour" time="15.504"/>
  <system-out/>
</testsuite> <!-- com.qa.centrum.eng.test.CentrumSampleMultigummiesWomenTest -->
