<?xml version="1.0" encoding="UTF-8"?>
<!-- Generated by org.testng.reporters.JUnitReportReporter -->
<testsuite hostname="WKWZTPqvmdckJHX" failures="1" tests="26" name="com.qa.centrum.eng.test.CentrumSampleImmuneSupportMenTest" time="378.405" errors="0" timestamp="2022-09-23T17:50:57 IST" skipped="0">
  <testcase classname="com.qa.centrum.eng.test.CentrumSampleImmuneSupportMenTest" name="cookieButton" time="10.915"/>
  <system-out/>
  <testcase classname="com.qa.centrum.eng.test.CentrumSampleImmuneSupportMenTest" name="verifyWriteAReviewBtn" time="13.976"/>
  <system-out/>
  <testcase classname="com.qa.centrum.eng.test.CentrumSampleImmuneSupportMenTest" name="verifyBuyNowBtn" time="17.204"/>
  <system-out/>
  <testcase classname="com.qa.centrum.eng.test.CentrumSampleImmuneSupportMenTest" name="verifyGetCoupons" time="14.669">
    <failure message="expected [coupons/] but found [coupons_old/]" type="java.lang.AssertionError">
      <![CDATA[java.lang.AssertionError: expected [coupons/] but found [coupons_old/]
at org.testng.Assert.fail(Assert.java:99)
at org.testng.Assert.failNotEquals(Assert.java:1037)
at org.testng.Assert.assertEqualsImpl(Assert.java:140)
at org.testng.Assert.assertEquals(Assert.java:122)
at org.testng.Assert.assertEquals(Assert.java:629)
at org.testng.Assert.assertEquals(Assert.java:639)
at com.qa.baseClass.BaseClass.compareTwoText(BaseClass.java:739)
at com.qa.centrum.eng.test.CentrumSampleImmuneSupportMenTest.verifyGetCoupons(CentrumSampleImmuneSupportMenTest.java:72)
at java.base/jdk.internal.reflect.DirectMethodHandleAccessor.invoke(DirectMethodHandleAccessor.java:104)
at java.base/java.lang.reflect.Method.invoke(Method.java:577)
at org.testng.internal.MethodInvocationHelper.invokeMethod(MethodInvocationHelper.java:133)
at org.testng.internal.TestInvoker.invokeMethod(TestInvoker.java:598)
at org.testng.internal.TestInvoker.invokeTestMethod(TestInvoker.java:173)
at org.testng.internal.MethodRunner.runInSequence(MethodRunner.java:46)
at org.testng.internal.TestInvoker$MethodInvocationAgent.invoke(TestInvoker.java:824)
at org.testng.internal.TestInvoker.invokeTestMethods(TestInvoker.java:146)
at org.testng.internal.TestMethodWorker.invokeTestMethods(TestMethodWorker.java:146)
at org.testng.internal.TestMethodWorker.run(TestMethodWorker.java:128)
at java.base/java.util.ArrayList.forEach(ArrayList.java:1511)
at org.testng.TestRunner.privateRun(TestRunner.java:794)
at org.testng.TestRunner.run(TestRunner.java:596)
at org.testng.SuiteRunner.runTest(SuiteRunner.java:377)
at org.testng.SuiteRunner.runSequentially(SuiteRunner.java:371)
at org.testng.SuiteRunner.privateRun(SuiteRunner.java:332)
at org.testng.SuiteRunner.run(SuiteRunner.java:276)
at org.testng.SuiteRunnerWorker.runSuite(SuiteRunnerWorker.java:53)
at org.testng.SuiteRunnerWorker.run(SuiteRunnerWorker.java:96)
at org.testng.TestNG.runSuitesSequentially(TestNG.java:1212)
at org.testng.TestNG.runSuitesLocally(TestNG.java:1134)
at org.testng.TestNG.runSuites(TestNG.java:1063)
at org.testng.TestNG.run(TestNG.java:1031)
at org.testng.remote.AbstractRemoteTestNG.run(AbstractRemoteTestNG.java:115)
at org.testng.remote.RemoteTestNG.initAndRun(RemoteTestNG.java:251)
at org.testng.remote.RemoteTestNG.main(RemoteTestNG.java:77)
]]>
    </failure>
  </testcase> <!-- verifyGetCoupons -->
  <system-out/>
  <testcase classname="com.qa.centrum.eng.test.CentrumSampleImmuneSupportMenTest" name="verifyVitaminAndMinerals" time="11.215"/>
  <system-out/>
  <testcase classname="com.qa.centrum.eng.test.CentrumSampleImmuneSupportMenTest" name="verifyUsage" time="9.815"/>
  <system-out/>
  <testcase classname="com.qa.centrum.eng.test.CentrumSampleImmuneSupportMenTest" name="verifyFAQ" time="12.995"/>
  <system-out/>
  <testcase classname="com.qa.centrum.eng.test.CentrumSampleImmuneSupportMenTest" name="verifyTextImmuneSupportMen" time="9.134"/>
  <system-out/>
  <testcase classname="com.qa.centrum.eng.test.CentrumSampleImmuneSupportMenTest" name="verifyCompareTab" time="13.254"/>
  <system-out/>
  <testcase classname="com.qa.centrum.eng.test.CentrumSampleImmuneSupportMenTest" name="verifyCompareButton" time="13.346"/>
  <system-out/>
  <testcase classname="com.qa.centrum.eng.test.CentrumSampleImmuneSupportMenTest" name="verifyRelatedProductOne" time="16.408"/>
  <system-out/>
  <testcase classname="com.qa.centrum.eng.test.CentrumSampleImmuneSupportMenTest" name="verifyRelatedProductTwo" time="15.446"/>
  <system-out/>
  <testcase classname="com.qa.centrum.eng.test.CentrumSampleImmuneSupportMenTest" name="verifyRelatedProductThree" time="13.473"/>
  <system-out/>
  <testcase classname="com.qa.centrum.eng.test.CentrumSampleImmuneSupportMenTest" name="verifyRelatedProductFour" time="19.951"/>
  <system-out/>
  <testcase classname="com.qa.centrum.eng.test.CentrumSampleImmuneSupportMenTest" name="verifyBuyNowOne" time="13.352"/>
  <system-out/>
  <testcase classname="com.qa.centrum.eng.test.CentrumSampleImmuneSupportMenTest" name="verifyBuyNowTwo" time="16.828"/>
  <system-out/>
  <testcase classname="com.qa.centrum.eng.test.CentrumSampleImmuneSupportMenTest" name="verifyBuyNowThree" time="12.083"/>
  <system-out/>
  <testcase classname="com.qa.centrum.eng.test.CentrumSampleImmuneSupportMenTest" name="verifyBuyNowFour" time="12.465"/>
  <system-out/>
  <testcase classname="com.qa.centrum.eng.test.CentrumSampleImmuneSupportMenTest" name="verifyCompareOne" time="15.042"/>
  <system-out/>
  <testcase classname="com.qa.centrum.eng.test.CentrumSampleImmuneSupportMenTest" name="verifyCompareTwo" time="12.618"/>
  <system-out/>
  <testcase classname="com.qa.centrum.eng.test.CentrumSampleImmuneSupportMenTest" name="verifyCompareThree" time="13.684"/>
  <system-out/>
  <testcase classname="com.qa.centrum.eng.test.CentrumSampleImmuneSupportMenTest" name="verifyCompareFour" time="13.964"/>
  <system-out/>
  <testcase classname="com.qa.centrum.eng.test.CentrumSampleImmuneSupportMenTest" name="verifyBrowseOne" time="20.237"/>
  <system-out/>
  <testcase classname="com.qa.centrum.eng.test.CentrumSampleImmuneSupportMenTest" name="verifyBrowseTwo" time="18.009"/>
  <system-out/>
  <testcase classname="com.qa.centrum.eng.test.CentrumSampleImmuneSupportMenTest" name="verifyBrowseThree" time="17.882"/>
  <system-out/>
  <testcase classname="com.qa.centrum.eng.test.CentrumSampleImmuneSupportMenTest" name="verifyBrowseFour" time="20.440"/>
  <system-out/>
</testsuite> <!-- com.qa.centrum.eng.test.CentrumSampleImmuneSupportMenTest -->
