<?xml version="1.0" encoding="UTF-8"?>
<!-- Generated by org.testng.reporters.JUnitReportReporter -->
<testsuite hostname="WKWZTPqvmdckJHX" failures="1" tests="26" name="com.qa.centrum.eng.test.CentrumSampleMultigummiesMen50PlusTest" time="396.702" errors="0" timestamp="2022-09-27T09:13:45 IST" skipped="0">
  <testcase classname="com.qa.centrum.eng.test.CentrumSampleMultigummiesMen50PlusTest" name="cookieButton" time="8.593"/>
  <system-out/>
  <testcase classname="com.qa.centrum.eng.test.CentrumSampleMultigummiesMen50PlusTest" name="verifyWriteAReviewBtn" time="15.007"/>
  <system-out/>
  <testcase classname="com.qa.centrum.eng.test.CentrumSampleMultigummiesMen50PlusTest" name="verifyBuyNowBtn" time="22.625"/>
  <system-out/>
  <testcase classname="com.qa.centrum.eng.test.CentrumSampleMultigummiesMen50PlusTest" name="verifyGetCoupons" time="12.758">
    <failure message="expected [coupons/] but found [coupons_old/]" type="java.lang.AssertionError">
      <![CDATA[java.lang.AssertionError: expected [coupons/] but found [coupons_old/]
at org.testng.Assert.fail(Assert.java:99)
at org.testng.Assert.failNotEquals(Assert.java:1037)
at org.testng.Assert.assertEqualsImpl(Assert.java:140)
at org.testng.Assert.assertEquals(Assert.java:122)
at org.testng.Assert.assertEquals(Assert.java:629)
at org.testng.Assert.assertEquals(Assert.java:639)
at com.qa.baseClass.BaseClass.compareTwoText(BaseClass.java:739)
at com.qa.centrum.eng.test.CentrumSampleMultigummiesMen50PlusTest.verifyGetCoupons(CentrumSampleMultigummiesMen50PlusTest.java:71)
at java.base/jdk.internal.reflect.DirectMethodHandleAccessor.invoke(DirectMethodHandleAccessor.java:104)
at java.base/java.lang.reflect.Method.invoke(Method.java:577)
at org.testng.internal.MethodInvocationHelper.invokeMethod(MethodInvocationHelper.java:133)
at org.testng.internal.TestInvoker.invokeMethod(TestInvoker.java:598)
at org.testng.internal.TestInvoker.invokeTestMethod(TestInvoker.java:173)
at org.testng.internal.MethodRunner.runInSequence(MethodRunner.java:46)
at org.testng.internal.TestInvoker$MethodInvocationAgent.invoke(TestInvoker.java:824)
at org.testng.internal.TestInvoker.invokeTestMethods(TestInvoker.java:146)
at org.testng.internal.TestMethodWorker.invokeTestMethods(TestMethodWorker.java:146)
at org.testng.internal.TestMethodWorker.run(TestMethodWorker.java:128)
at java.base/java.util.ArrayList.forEach(ArrayList.java:1511)
at org.testng.TestRunner.privateRun(TestRunner.java:794)
at org.testng.TestRunner.run(TestRunner.java:596)
at org.testng.SuiteRunner.runTest(SuiteRunner.java:377)
at org.testng.SuiteRunner.runSequentially(SuiteRunner.java:371)
at org.testng.SuiteRunner.privateRun(SuiteRunner.java:332)
at org.testng.SuiteRunner.run(SuiteRunner.java:276)
at org.testng.SuiteRunnerWorker.runSuite(SuiteRunnerWorker.java:53)
at org.testng.SuiteRunnerWorker.run(SuiteRunnerWorker.java:96)
at org.testng.TestNG.runSuitesSequentially(TestNG.java:1212)
at org.testng.TestNG.runSuitesLocally(TestNG.java:1134)
at org.testng.TestNG.runSuites(TestNG.java:1063)
at org.testng.TestNG.run(TestNG.java:1031)
at org.testng.remote.AbstractRemoteTestNG.run(AbstractRemoteTestNG.java:115)
at org.testng.remote.RemoteTestNG.initAndRun(RemoteTestNG.java:251)
at org.testng.remote.RemoteTestNG.main(RemoteTestNG.java:77)
]]>
    </failure>
  </testcase> <!-- verifyGetCoupons -->
  <system-out/>
  <testcase classname="com.qa.centrum.eng.test.CentrumSampleMultigummiesMen50PlusTest" name="verifyVitaminAndMinerals" time="11.206"/>
  <system-out/>
  <testcase classname="com.qa.centrum.eng.test.CentrumSampleMultigummiesMen50PlusTest" name="verifyUsage" time="10.815"/>
  <system-out/>
  <testcase classname="com.qa.centrum.eng.test.CentrumSampleMultigummiesMen50PlusTest" name="verifyFAQ" time="13.279"/>
  <system-out/>
  <testcase classname="com.qa.centrum.eng.test.CentrumSampleMultigummiesMen50PlusTest" name="verifyTextImmuneSupportMen" time="8.860"/>
  <system-out/>
  <testcase classname="com.qa.centrum.eng.test.CentrumSampleMultigummiesMen50PlusTest" name="verifyCompareTab" time="12.663"/>
  <system-out/>
  <testcase classname="com.qa.centrum.eng.test.CentrumSampleMultigummiesMen50PlusTest" name="verifyCompareButton" time="13.559"/>
  <system-out/>
  <testcase classname="com.qa.centrum.eng.test.CentrumSampleMultigummiesMen50PlusTest" name="verifyRelatedProductOne" time="18.864"/>
  <system-out/>
  <testcase classname="com.qa.centrum.eng.test.CentrumSampleMultigummiesMen50PlusTest" name="verifyRelatedProductTwo" time="17.192"/>
  <system-out/>
  <testcase classname="com.qa.centrum.eng.test.CentrumSampleMultigummiesMen50PlusTest" name="verifyRelatedProductThree" time="15.876"/>
  <system-out/>
  <testcase classname="com.qa.centrum.eng.test.CentrumSampleMultigummiesMen50PlusTest" name="verifyRelatedProductFour" time="28.431"/>
  <system-out/>
  <testcase classname="com.qa.centrum.eng.test.CentrumSampleMultigummiesMen50PlusTest" name="verifyBuyNowOne" time="16.519"/>
  <system-out/>
  <testcase classname="com.qa.centrum.eng.test.CentrumSampleMultigummiesMen50PlusTest" name="verifyBuyNowTwo" time="9.704"/>
  <system-out/>
  <testcase classname="com.qa.centrum.eng.test.CentrumSampleMultigummiesMen50PlusTest" name="verifyBuyNowThree" time="15.374"/>
  <system-out/>
  <testcase classname="com.qa.centrum.eng.test.CentrumSampleMultigummiesMen50PlusTest" name="verifyBuyNowFour" time="17.286"/>
  <system-out/>
  <testcase classname="com.qa.centrum.eng.test.CentrumSampleMultigummiesMen50PlusTest" name="verifyCompareOne" time="19.369"/>
  <system-out/>
  <testcase classname="com.qa.centrum.eng.test.CentrumSampleMultigummiesMen50PlusTest" name="verifyCompareTwo" time="15.555"/>
  <system-out/>
  <testcase classname="com.qa.centrum.eng.test.CentrumSampleMultigummiesMen50PlusTest" name="verifyCompareThree" time="14.807"/>
  <system-out/>
  <testcase classname="com.qa.centrum.eng.test.CentrumSampleMultigummiesMen50PlusTest" name="verifyCompareFour" time="13.657"/>
  <system-out/>
  <testcase classname="com.qa.centrum.eng.test.CentrumSampleMultigummiesMen50PlusTest" name="verifyBrowseOne" time="14.968"/>
  <system-out/>
  <testcase classname="com.qa.centrum.eng.test.CentrumSampleMultigummiesMen50PlusTest" name="verifyBrowseTwo" time="18.377"/>
  <system-out/>
  <testcase classname="com.qa.centrum.eng.test.CentrumSampleMultigummiesMen50PlusTest" name="verifyBrowseThree" time="15.303"/>
  <system-out/>
  <testcase classname="com.qa.centrum.eng.test.CentrumSampleMultigummiesMen50PlusTest" name="verifyBrowseFour" time="16.055"/>
  <system-out/>
</testsuite> <!-- com.qa.centrum.eng.test.CentrumSampleMultigummiesMen50PlusTest -->
