<?xml version="1.0" encoding="UTF-8"?>
<!-- Generated by org.testng.reporters.JUnitReportReporter -->
<testsuite hostname="WKWZTPqvmdckJHX" failures="0" tests="23" name="com.qa.centrum.eng.test.CentrumSampleHomepageTest" time="363.442" errors="2" timestamp="2022-09-07T17:06:19 IST" skipped="4">
  <testcase classname="com.qa.centrum.eng.test.CentrumSampleHomepageTest" name="cookieAndGigyaPopUp" time="5.100"/>
  <system-out/>
  <testcase classname="com.qa.centrum.eng.test.CentrumSampleHomepageTest" name="GetStartedButton" time="30.109"/>
  <system-out/>
  <testcase classname="com.qa.centrum.eng.test.CentrumSampleHomepageTest" name="Learn1Button" time="8.745">
    <error message="element click intercepted: Element &lt;a href=&quot;/products/multivitamins/&quot; aria-describedby=&quot;hp01&quot; class=&quot;btn btn-secondary&quot; tabindex=&quot;585&quot;&gt;...&lt;/a&gt; is not clickable at point (982, 537). Other element would receive the click: &lt;h2 class=&quot;heading&quot;&gt;...&lt;/h2&gt;
  (Session info: chrome=105.0.5195.102)
Build info: version: &#039;3.141.59&#039;, revision: &#039;e82be7d358&#039;, time: &#039;2018-11-14T08:17:03&#039;
System info: host: &#039;WKWZTPQVMDCKJHX&#039;, ip: &#039;192.168.1.10&#039;, os.name: &#039;Windows 11&#039;, os.arch: &#039;amd64&#039;, os.version: &#039;10.0&#039;, java.version: &#039;18.0.1&#039;
Driver info: org.openqa.selenium.chrome.ChromeDriver
Capabilities {acceptInsecureCerts: false, browserName: chrome, browserVersion: 105.0.5195.102, chrome: {chromedriverVersion: 105.0.5195.52 (412c95e51883..., userDataDir: C:\Users\sujsekar\AppData\L...}, goog:chromeOptions: {debuggerAddress: localhost:56983}, javascriptEnabled: true, networkConnectionEnabled: false, pageLoadStrategy: normal, platform: WINDOWS, platformName: WINDOWS, proxy: Proxy(), setWindowRect: true, strictFileInteractability: false, timeouts: {implicit: 0, pageLoad: 300000, script: 30000}, unhandledPromptBehavior: dismiss and notify, webauthn:extension:credBlob: true, webauthn:extension:largeBlob: true, webauthn:virtualAuthenticators: true}
Session ID: 9cadd1d18d51fe73b36e7c5897657642" type="org.openqa.selenium.ElementClickInterceptedException">
      <![CDATA[org.openqa.selenium.ElementClickInterceptedException: element click intercepted: Element <a href="/products/multivitamins/" aria-describedby="hp01" class="btn btn-secondary" tabindex="585">...</a> is not clickable at point (982, 537). Other element would receive the click: <h2 class="heading">...</h2>
  (Session info: chrome=105.0.5195.102)
Build info: version: '3.141.59', revision: 'e82be7d358', time: '2018-11-14T08:17:03'
System info: host: 'WKWZTPQVMDCKJHX', ip: '192.168.1.10', os.name: 'Windows 11', os.arch: 'amd64', os.version: '10.0', java.version: '18.0.1'
Driver info: org.openqa.selenium.chrome.ChromeDriver
Capabilities {acceptInsecureCerts: false, browserName: chrome, browserVersion: 105.0.5195.102, chrome: {chromedriverVersion: 105.0.5195.52 (412c95e51883..., userDataDir: C:\Users\sujsekar\AppData\L...}, goog:chromeOptions: {debuggerAddress: localhost:56983}, javascriptEnabled: true, networkConnectionEnabled: false, pageLoadStrategy: normal, platform: WINDOWS, platformName: WINDOWS, proxy: Proxy(), setWindowRect: true, strictFileInteractability: false, timeouts: {implicit: 0, pageLoad: 300000, script: 30000}, unhandledPromptBehavior: dismiss and notify, webauthn:extension:credBlob: true, webauthn:extension:largeBlob: true, webauthn:virtualAuthenticators: true}
Session ID: 9cadd1d18d51fe73b36e7c5897657642
at java.base/jdk.internal.reflect.DirectConstructorHandleAccessor.newInstance(DirectConstructorHandleAccessor.java:67)
at java.base/java.lang.reflect.Constructor.newInstanceWithCaller(Constructor.java:499)
at java.base/java.lang.reflect.Constructor.newInstance(Constructor.java:483)
at org.openqa.selenium.remote.http.W3CHttpResponseCodec.createException(W3CHttpResponseCodec.java:187)
at org.openqa.selenium.remote.http.W3CHttpResponseCodec.decode(W3CHttpResponseCodec.java:122)
at org.openqa.selenium.remote.http.W3CHttpResponseCodec.decode(W3CHttpResponseCodec.java:49)
at org.openqa.selenium.remote.HttpCommandExecutor.execute(HttpCommandExecutor.java:158)
at org.openqa.selenium.remote.service.DriverCommandExecutor.execute(DriverCommandExecutor.java:83)
at org.openqa.selenium.remote.RemoteWebDriver.execute(RemoteWebDriver.java:552)
at org.openqa.selenium.remote.RemoteWebElement.execute(RemoteWebElement.java:285)
at org.openqa.selenium.remote.RemoteWebElement.click(RemoteWebElement.java:84)
at java.base/jdk.internal.reflect.DirectMethodHandleAccessor.invoke(DirectMethodHandleAccessor.java:104)
at java.base/java.lang.reflect.Method.invoke(Method.java:577)
at org.openqa.selenium.support.pagefactory.internal.LocatingElementHandler.invoke(LocatingElementHandler.java:51)
at jdk.proxy2/jdk.proxy2.$Proxy14.click(Unknown Source)
at com.qa.baseClass.BaseClass.elementClick(BaseClass.java:162)
at com.qa.centrum.eng.pages.CentrumHomePage.clickonLearn1(CentrumHomePage.java:125)
at com.qa.centrum.eng.test.CentrumSampleHomepageTest.Learn1Button(CentrumSampleHomepageTest.java:60)
at java.base/jdk.internal.reflect.DirectMethodHandleAccessor.invoke(DirectMethodHandleAccessor.java:104)
at java.base/java.lang.reflect.Method.invoke(Method.java:577)
at org.testng.internal.MethodInvocationHelper.invokeMethod(MethodInvocationHelper.java:133)
at org.testng.internal.TestInvoker.invokeMethod(TestInvoker.java:598)
at org.testng.internal.TestInvoker.retryFailed(TestInvoker.java:213)
at org.testng.internal.MethodRunner.runInSequence(MethodRunner.java:58)
at org.testng.internal.TestInvoker$MethodInvocationAgent.invoke(TestInvoker.java:824)
at org.testng.internal.TestInvoker.invokeTestMethods(TestInvoker.java:146)
at org.testng.internal.TestMethodWorker.invokeTestMethods(TestMethodWorker.java:146)
at org.testng.internal.TestMethodWorker.run(TestMethodWorker.java:128)
at java.base/java.util.ArrayList.forEach(ArrayList.java:1511)
at org.testng.TestRunner.privateRun(TestRunner.java:794)
at org.testng.TestRunner.run(TestRunner.java:596)
at org.testng.SuiteRunner.runTest(SuiteRunner.java:377)
at org.testng.SuiteRunner.runSequentially(SuiteRunner.java:371)
at org.testng.SuiteRunner.privateRun(SuiteRunner.java:332)
at org.testng.SuiteRunner.run(SuiteRunner.java:276)
at org.testng.SuiteRunnerWorker.runSuite(SuiteRunnerWorker.java:53)
at org.testng.SuiteRunnerWorker.run(SuiteRunnerWorker.java:96)
at org.testng.TestNG.runSuitesSequentially(TestNG.java:1212)
at org.testng.TestNG.runSuitesLocally(TestNG.java:1134)
at org.testng.TestNG.runSuites(TestNG.java:1063)
at org.testng.TestNG.run(TestNG.java:1031)
at org.testng.remote.AbstractRemoteTestNG.run(AbstractRemoteTestNG.java:115)
at org.testng.remote.RemoteTestNG.initAndRun(RemoteTestNG.java:251)
at org.testng.remote.RemoteTestNG.main(RemoteTestNG.java:77)
]]>
    </error>
  </testcase> <!-- Learn1Button -->
  <system-out/>
  <testcase classname="com.qa.centrum.eng.test.CentrumSampleHomepageTest" name="Learn1Button" time="9.287">
    <skipped/>
  </testcase> <!-- Learn1Button -->
  <system-out/>
  <testcase classname="com.qa.centrum.eng.test.CentrumSampleHomepageTest" name="Learn1Button" time="5.547">
    <skipped/>
  </testcase> <!-- Learn1Button -->
  <system-out/>
  <testcase classname="com.qa.centrum.eng.test.CentrumSampleHomepageTest" name="Learn2Button" time="11.212"/>
  <system-out/>
  <testcase classname="com.qa.centrum.eng.test.CentrumSampleHomepageTest" name="AboutButton" time="11.148"/>
  <system-out/>
  <testcase classname="com.qa.centrum.eng.test.CentrumSampleHomepageTest" name="Learn3Button" time="8.435"/>
  <system-out/>
  <testcase classname="com.qa.centrum.eng.test.CentrumSampleHomepageTest" name="ViewallButton" time="10.156">
    <skipped/>
  </testcase> <!-- ViewallButton -->
  <system-out/>
  <testcase classname="com.qa.centrum.eng.test.CentrumSampleHomepageTest" name="ViewallButton" time="6.618">
    <error message="element click intercepted: Element &lt;a href=&quot;/learn/wellness-benefits/&quot; aria-label=&quot;Our Product Benefits&quot; class=&quot;btn btn-knockout btn-inside-image&quot; tabindex=&quot;619&quot;&gt;...&lt;/a&gt; is not clickable at point (917, 537). Other element would receive the click: &lt;h2 class=&quot;heading&quot;&gt;...&lt;/h2&gt;
  (Session info: chrome=105.0.5195.102)
Build info: version: &#039;3.141.59&#039;, revision: &#039;e82be7d358&#039;, time: &#039;2018-11-14T08:17:03&#039;
System info: host: &#039;WKWZTPQVMDCKJHX&#039;, ip: &#039;192.168.1.10&#039;, os.name: &#039;Windows 11&#039;, os.arch: &#039;amd64&#039;, os.version: &#039;10.0&#039;, java.version: &#039;18.0.1&#039;
Driver info: org.openqa.selenium.chrome.ChromeDriver
Capabilities {acceptInsecureCerts: false, browserName: chrome, browserVersion: 105.0.5195.102, chrome: {chromedriverVersion: 105.0.5195.52 (412c95e51883..., userDataDir: C:\Users\sujsekar\AppData\L...}, goog:chromeOptions: {debuggerAddress: localhost:56983}, javascriptEnabled: true, networkConnectionEnabled: false, pageLoadStrategy: normal, platform: WINDOWS, platformName: WINDOWS, proxy: Proxy(), setWindowRect: true, strictFileInteractability: false, timeouts: {implicit: 0, pageLoad: 300000, script: 30000}, unhandledPromptBehavior: dismiss and notify, webauthn:extension:credBlob: true, webauthn:extension:largeBlob: true, webauthn:virtualAuthenticators: true}
Session ID: 9cadd1d18d51fe73b36e7c5897657642" type="org.openqa.selenium.ElementClickInterceptedException">
      <![CDATA[org.openqa.selenium.ElementClickInterceptedException: element click intercepted: Element <a href="/learn/wellness-benefits/" aria-label="Our Product Benefits" class="btn btn-knockout btn-inside-image" tabindex="619">...</a> is not clickable at point (917, 537). Other element would receive the click: <h2 class="heading">...</h2>
  (Session info: chrome=105.0.5195.102)
Build info: version: '3.141.59', revision: 'e82be7d358', time: '2018-11-14T08:17:03'
System info: host: 'WKWZTPQVMDCKJHX', ip: '192.168.1.10', os.name: 'Windows 11', os.arch: 'amd64', os.version: '10.0', java.version: '18.0.1'
Driver info: org.openqa.selenium.chrome.ChromeDriver
Capabilities {acceptInsecureCerts: false, browserName: chrome, browserVersion: 105.0.5195.102, chrome: {chromedriverVersion: 105.0.5195.52 (412c95e51883..., userDataDir: C:\Users\sujsekar\AppData\L...}, goog:chromeOptions: {debuggerAddress: localhost:56983}, javascriptEnabled: true, networkConnectionEnabled: false, pageLoadStrategy: normal, platform: WINDOWS, platformName: WINDOWS, proxy: Proxy(), setWindowRect: true, strictFileInteractability: false, timeouts: {implicit: 0, pageLoad: 300000, script: 30000}, unhandledPromptBehavior: dismiss and notify, webauthn:extension:credBlob: true, webauthn:extension:largeBlob: true, webauthn:virtualAuthenticators: true}
Session ID: 9cadd1d18d51fe73b36e7c5897657642
at java.base/jdk.internal.reflect.DirectConstructorHandleAccessor.newInstance(DirectConstructorHandleAccessor.java:67)
at java.base/java.lang.reflect.Constructor.newInstanceWithCaller(Constructor.java:499)
at java.base/java.lang.reflect.Constructor.newInstance(Constructor.java:483)
at org.openqa.selenium.remote.http.W3CHttpResponseCodec.createException(W3CHttpResponseCodec.java:187)
at org.openqa.selenium.remote.http.W3CHttpResponseCodec.decode(W3CHttpResponseCodec.java:122)
at org.openqa.selenium.remote.http.W3CHttpResponseCodec.decode(W3CHttpResponseCodec.java:49)
at org.openqa.selenium.remote.HttpCommandExecutor.execute(HttpCommandExecutor.java:158)
at org.openqa.selenium.remote.service.DriverCommandExecutor.execute(DriverCommandExecutor.java:83)
at org.openqa.selenium.remote.RemoteWebDriver.execute(RemoteWebDriver.java:552)
at org.openqa.selenium.remote.RemoteWebElement.execute(RemoteWebElement.java:285)
at org.openqa.selenium.remote.RemoteWebElement.click(RemoteWebElement.java:84)
at java.base/jdk.internal.reflect.DirectMethodHandleAccessor.invoke(DirectMethodHandleAccessor.java:104)
at java.base/java.lang.reflect.Method.invoke(Method.java:577)
at org.openqa.selenium.support.pagefactory.internal.LocatingElementHandler.invoke(LocatingElementHandler.java:51)
at jdk.proxy2/jdk.proxy2.$Proxy14.click(Unknown Source)
at com.qa.baseClass.BaseClass.elementClick(BaseClass.java:162)
at com.qa.centrum.eng.pages.CentrumHomePage.clickonViewall(CentrumHomePage.java:146)
at com.qa.centrum.eng.test.CentrumSampleHomepageTest.ViewallButton(CentrumSampleHomepageTest.java:108)
at java.base/jdk.internal.reflect.DirectMethodHandleAccessor.invoke(DirectMethodHandleAccessor.java:104)
at java.base/java.lang.reflect.Method.invoke(Method.java:577)
at org.testng.internal.MethodInvocationHelper.invokeMethod(MethodInvocationHelper.java:133)
at org.testng.internal.TestInvoker.invokeMethod(TestInvoker.java:598)
at org.testng.internal.TestInvoker.retryFailed(TestInvoker.java:213)
at org.testng.internal.MethodRunner.runInSequence(MethodRunner.java:58)
at org.testng.internal.TestInvoker$MethodInvocationAgent.invoke(TestInvoker.java:824)
at org.testng.internal.TestInvoker.invokeTestMethods(TestInvoker.java:146)
at org.testng.internal.TestMethodWorker.invokeTestMethods(TestMethodWorker.java:146)
at org.testng.internal.TestMethodWorker.run(TestMethodWorker.java:128)
at java.base/java.util.ArrayList.forEach(ArrayList.java:1511)
at org.testng.TestRunner.privateRun(TestRunner.java:794)
at org.testng.TestRunner.run(TestRunner.java:596)
at org.testng.SuiteRunner.runTest(SuiteRunner.java:377)
at org.testng.SuiteRunner.runSequentially(SuiteRunner.java:371)
at org.testng.SuiteRunner.privateRun(SuiteRunner.java:332)
at org.testng.SuiteRunner.run(SuiteRunner.java:276)
at org.testng.SuiteRunnerWorker.runSuite(SuiteRunnerWorker.java:53)
at org.testng.SuiteRunnerWorker.run(SuiteRunnerWorker.java:96)
at org.testng.TestNG.runSuitesSequentially(TestNG.java:1212)
at org.testng.TestNG.runSuitesLocally(TestNG.java:1134)
at org.testng.TestNG.runSuites(TestNG.java:1063)
at org.testng.TestNG.run(TestNG.java:1031)
at org.testng.remote.AbstractRemoteTestNG.run(AbstractRemoteTestNG.java:115)
at org.testng.remote.RemoteTestNG.initAndRun(RemoteTestNG.java:251)
at org.testng.remote.RemoteTestNG.main(RemoteTestNG.java:77)
]]>
    </error>
  </testcase> <!-- ViewallButton -->
  <system-out/>
  <testcase classname="com.qa.centrum.eng.test.CentrumSampleHomepageTest" name="ViewallButton" time="5.289">
    <skipped/>
  </testcase> <!-- ViewallButton -->
  <system-out/>
  <testcase classname="com.qa.centrum.eng.test.CentrumSampleHomepageTest" name="verifyMultivitamins" time="10.753"/>
  <system-out/>
  <testcase classname="com.qa.centrum.eng.test.CentrumSampleHomepageTest" name="verifyTargetedSupplements" time="10.718"/>
  <system-out/>
  <testcase classname="com.qa.centrum.eng.test.CentrumSampleHomepageTest" name="verifyVitamainPacks" time="9.297"/>
  <system-out/>
  <testcase classname="com.qa.centrum.eng.test.CentrumSampleHomepageTest" name="verifySeeAllProduct" time="11.336"/>
  <system-out/>
  <testcase classname="com.qa.centrum.eng.test.CentrumSampleHomepageTest" name="verifyWomen" time="14.266"/>
  <system-out/>
  <testcase classname="com.qa.centrum.eng.test.CentrumSampleHomepageTest" name="verifyWomenBuyNowAndCompare" time="31.417"/>
  <system-out/>
  <testcase classname="com.qa.centrum.eng.test.CentrumSampleHomepageTest" name="verifyMen" time="10.703"/>
  <system-out/>
  <testcase classname="com.qa.centrum.eng.test.CentrumSampleHomepageTest" name="verifyMenBuyAndCompare" time="25.742"/>
  <system-out/>
  <testcase classname="com.qa.centrum.eng.test.CentrumSampleHomepageTest" name="verifyKidsTropicalPunch" time="13.106"/>
  <system-out/>
  <testcase classname="com.qa.centrum.eng.test.CentrumSampleHomepageTest" name="verifyKidsTropicalPuchBuyNowAndCompare" time="83.930"/>
  <system-out/>
  <testcase classname="com.qa.centrum.eng.test.CentrumSampleHomepageTest" name="verifyAdults" time="13.286"/>
  <system-out/>
  <testcase classname="com.qa.centrum.eng.test.CentrumSampleHomepageTest" name="verifyAdultsBuyNowAndCompare" time="17.242"/>
  <system-out/>
</testsuite> <!-- com.qa.centrum.eng.test.CentrumSampleHomepageTest -->
