<?xml version="1.0" encoding="UTF-8"?>
<!-- Generated by org.testng.reporters.JUnitXMLReporter -->
<testsuite ignored="0" hostname="WKWZTPqvmdckJHX" failures="1" tests="12" name="Automation Test" time="111.917" errors="0" timestamp="2022-08-02T15:25:04 IST">
  <testcase classname="com.qa.tums.eng.test.HomePageTest" name="verifyTheLearnMoreLink" time="3.136">
    <skipped/>
  </testcase> <!-- verifyTheLearnMoreLink -->
  <testcase classname="com.qa.tums.eng.test.HomePageTest" name="verifyTheLearnMoreLink" time="3.391">
    <skipped/>
  </testcase> <!-- verifyTheLearnMoreLink -->
  <testcase classname="com.qa.tums.eng.test.HomePageTest" name="verifyTheLearnMoreLink" time="11.203">
    <skipped/>
  </testcase> <!-- verifyTheLearnMoreLink -->
  <testcase classname="com.qa.tums.eng.test.HomePageTest" name="verifyTheLearnMoreLink" time="2.253">
    <failure type="java.lang.AssertionError" message="expected [false] but found [true]">
      <![CDATA[java.lang.AssertionError: expected [false] but found [true]
at com.qa.tums.eng.test.HomePageTest.verifyTheLearnMoreLink(HomePageTest.java:46)
at java.base/java.util.ArrayList.forEach(ArrayList.java:1511)
... Removed 31 stack frames]]>
    </failure>
  </testcase> <!-- verifyTheLearnMoreLink -->
  <testcase classname="com.qa.tums.eng.test.HomePageTest" name="verifyProductPage" time="6.252"/>
  <testcase classname="com.qa.tums.eng.test.HomePageTest" name="verifyBuyNowLink" time="8.618"/>
  <testcase classname="com.qa.tums.eng.test.HomePageTest" name="verifyTUMS_ChewyBitesLink" time="17.051"/>
  <testcase classname="com.qa.tums.eng.test.HomePageTest" name="verifyTUMS_ChewyBitesCoolingsSensationLink" time="15.207"/>
  <testcase classname="com.qa.tums.eng.test.HomePageTest" name="verifyTUMSAmerica1Link" time="14.075"/>
  <testcase classname="com.qa.tums.eng.test.HomePageTest" name="verifyfightBackFastAgainstLink" time="4.013"/>
  <testcase classname="com.qa.tums.eng.test.HomePageTest" name="verifyYoutube" time="7.605"/>
  <testcase classname="com.qa.tums.eng.test.HomePageTest" name="verifyCokkieSetting" time="1.022"/>
</testsuite> <!-- Automation Test -->
