<?xml version="1.0" encoding="UTF-8"?>
<!-- Generated by org.testng.reporters.JUnitXMLReporter -->
<testsuite ignored="2" hostname="WKWZTPqvmdckJHX" failures="4" tests="38" name="Centrum Automation test" time="436.34" errors="0" timestamp="2022-09-07T19:15:12 IST">
  <testcase classname="com.qa.centrum.eng.test.CentrumSampleFooterPage" name="cookieButton" time="2.003"/>
  <testcase classname="com.qa.centrum.eng.test.CentrumSampleFooterPage" name="getcouponButton" time="6.903"/>
  <testcase classname="com.qa.centrum.eng.test.CentrumSampleFooterPage" name="WheretoBuyButton" time="8.79"/>
  <testcase classname="com.qa.centrum.eng.test.CentrumSampleFooterPage" name="NewsletterButton" time="5.006"/>
  <testcase classname="com.qa.centrum.eng.test.CentrumSampleFooterPage" name="HeaderCentrumButton" time="8.06"/>
  <testcase classname="com.qa.centrum.eng.test.CentrumSampleFooterPage" name="CountrySideButton" time="2.021"/>
  <testcase classname="com.qa.centrum.eng.test.CentrumSampleFooterPage" name="SearchButton" time="1.962"/>
  <testcase classname="com.qa.centrum.eng.test.CentrumSampleFooterPage" name="GskLogoButton" time="6.646"/>
  <testcase classname="com.qa.centrum.eng.test.CentrumSampleFooterPage" name="contactUS" time="5.79"/>
  <testcase classname="com.qa.centrum.eng.test.CentrumSampleFooterPage" name="siteMap" time="6.102"/>
  <testcase classname="com.qa.centrum.eng.test.CentrumSampleFooterPage" name="signUpGigyaForm" time="4.014"/>
  <testcase classname="com.qa.centrum.eng.test.CentrumSampleFooterPage" name="gigyaForm" time="5.024"/>
  <testcase classname="com.qa.centrum.eng.test.CentrumSampleAboutPage" name="cookieButton" time="1.066"/>
  <testcase classname="com.qa.centrum.eng.test.CentrumSampleAboutPage" name="scienceLink" time="6.994"/>
  <testcase classname="com.qa.centrum.eng.test.CentrumSampleAboutPage" name="CentrumAdultsLink" time="11.288"/>
  <testcase classname="com.qa.centrum.eng.test.CentrumSampleAboutPage" name="CentrumMultiGummiesAdultsLink" time="11.785"/>
  <testcase classname="com.qa.centrum.eng.test.CentrumSampleAboutPage" name="CentrumMinis" time="11.063"/>
  <testcase classname="com.qa.centrum.eng.test.CentrumSampleAboutPage" name="CentrumMultigummiesWomen" time="11.783"/>
  <testcase classname="com.qa.centrum.eng.test.CentrumSampleAboutPage" name="verifyBuyNowOne" time="5.352">
    <skipped/>
  </testcase> <!-- verifyBuyNowOne -->
  <testcase classname="com.qa.centrum.eng.test.CentrumSampleAboutPage" name="verifyBuyNowOne" time="4.061">
    <skipped/>
  </testcase> <!-- verifyBuyNowOne -->
  <testcase classname="com.qa.centrum.eng.test.CentrumSampleAboutPage" name="verifyBuyNowOne" time="3.741">
    <failure type="java.lang.AssertionError" message="expected [about/] but found [products/multivitamins/centrum-adults/]">
      <![CDATA[java.lang.AssertionError: expected [about/] but found [products/multivitamins/centrum-adults/]
at com.qa.baseClass.BaseClass.compareTwoText(BaseClass.java:708)
at com.qa.centrum.eng.test.CentrumSampleAboutPage.verifyBuyNowOne(CentrumSampleAboutPage.java:120)
at java.base/java.util.ArrayList.forEach(ArrayList.java:1511)
... Removed 31 stack frames]]>
    </failure>
  </testcase> <!-- verifyBuyNowOne -->
  <testcase classname="com.qa.centrum.eng.test.CentrumSampleAboutPage" name="Compare1" time="5.363"/>
  <testcase classname="com.qa.centrum.eng.test.CentrumSampleAboutPage" name="CentrumBuyNow2" time="5.762">
    <skipped/>
  </testcase> <!-- CentrumBuyNow2 -->
  <testcase classname="com.qa.centrum.eng.test.CentrumSampleAboutPage" name="CentrumBuyNow2" time="3.856">
    <skipped/>
  </testcase> <!-- CentrumBuyNow2 -->
  <testcase classname="com.qa.centrum.eng.test.CentrumSampleAboutPage" name="CentrumBuyNow2" time="4.125">
    <failure type="java.lang.AssertionError" message="expected [about/] but found [products/multivitamins/centrum-multigummies-adults/]">
      <![CDATA[java.lang.AssertionError: expected [about/] but found [products/multivitamins/centrum-multigummies-adults/]
at com.qa.baseClass.BaseClass.compareTwoText(BaseClass.java:708)
at com.qa.centrum.eng.test.CentrumSampleAboutPage.CentrumBuyNow2(CentrumSampleAboutPage.java:145)
at java.base/java.util.ArrayList.forEach(ArrayList.java:1511)
... Removed 31 stack frames]]>
    </failure>
  </testcase> <!-- CentrumBuyNow2 -->
  <testcase classname="com.qa.centrum.eng.test.CentrumSampleAboutPage" name="Compare2" time="4.694"/>
  <testcase classname="com.qa.centrum.eng.test.CentrumSampleAboutPage" name="CentrumBuyNow3" time="5.363">
    <skipped/>
  </testcase> <!-- CentrumBuyNow3 -->
  <testcase classname="com.qa.centrum.eng.test.CentrumSampleAboutPage" name="CentrumBuyNow3" time="4.086">
    <skipped/>
  </testcase> <!-- CentrumBuyNow3 -->
  <testcase classname="com.qa.centrum.eng.test.CentrumSampleAboutPage" name="CentrumBuyNow3" time="5.166">
    <failure type="java.lang.AssertionError" message="expected [about/] but found [products/multivitamins/centrum-minis-adults-50-plus/]">
      <![CDATA[java.lang.AssertionError: expected [about/] but found [products/multivitamins/centrum-minis-adults-50-plus/]
at com.qa.baseClass.BaseClass.compareTwoText(BaseClass.java:708)
at com.qa.centrum.eng.test.CentrumSampleAboutPage.CentrumBuyNow3(CentrumSampleAboutPage.java:172)
at java.base/java.util.ArrayList.forEach(ArrayList.java:1511)
... Removed 31 stack frames]]>
    </failure>
  </testcase> <!-- CentrumBuyNow3 -->
  <testcase classname="com.qa.centrum.eng.test.CentrumSampleAboutPage" name="Compare3" time="5.185"/>
  <testcase classname="com.qa.centrum.eng.test.CentrumSampleAboutPage" name="CentrumBuyNow4" time="5.512">
    <skipped/>
  </testcase> <!-- CentrumBuyNow4 -->
  <testcase classname="com.qa.centrum.eng.test.CentrumSampleAboutPage" name="CentrumBuyNow4" time="3.715">
    <skipped/>
  </testcase> <!-- CentrumBuyNow4 -->
  <testcase classname="com.qa.centrum.eng.test.CentrumSampleAboutPage" name="CentrumBuyNow4" time="3.952">
    <failure type="java.lang.AssertionError" message="expected [about/] but found [products/multivitamins/centrum-multigummies-women-50-plus/]">
      <![CDATA[java.lang.AssertionError: expected [about/] but found [products/multivitamins/centrum-multigummies-women-50-plus/]
at com.qa.baseClass.BaseClass.compareTwoText(BaseClass.java:708)
at com.qa.centrum.eng.test.CentrumSampleAboutPage.CentrumBuyNow4(CentrumSampleAboutPage.java:197)
at java.base/java.util.ArrayList.forEach(ArrayList.java:1511)
... Removed 31 stack frames]]>
    </failure>
  </testcase> <!-- CentrumBuyNow4 -->
  <testcase classname="com.qa.centrum.eng.test.CentrumSampleAboutPage" name="Compare4" time="5.048"/>
  <testcase classname="com.qa.centrum.eng.test.CentrumSampleAboutPage" name="Article1" time="4.418"/>
  <testcase classname="com.qa.centrum.eng.test.CentrumSampleAboutPage" name="Article2" time="4.454"/>
  <testcase classname="com.qa.centrum.eng.test.CentrumSampleAboutPage" name="Article3" time="6.041"/>
  <testcase classname="com.qa.centrum.eng.test.CentrumSampleAboutPage" name="Article4" time="4.825"/>
  <testcase classname="com.qa.baseClass.BaseClass" name="@AfterSuite endReport" time="0.0">
    <ignored/>
  </testcase> <!-- @AfterSuite endReport -->
  <testcase classname="com.qa.baseClass.BaseClass" name="@BeforeSuite startReport" time="0.0">
    <ignored/>
  </testcase> <!-- @BeforeSuite startReport -->
</testsuite> <!-- Centrum Automation test -->
