<html>
<head>
<title>TestNG:  Centrum Automation test</title>
<link href="../testng.css" rel="stylesheet" type="text/css" />
<link href="../my-testng.css" rel="stylesheet" type="text/css" />

<style type="text/css">
.log { display: none;} 
.stack-trace { display: none;} 
</style>
<script type="text/javascript">
<!--
function flip(e) {
  current = e.style.display;
  if (current == 'block') {
    e.style.display = 'none';
    return 0;
  }
  else {
    e.style.display = 'block';
    return 1;
  }
}

function toggleBox(szDivId, elem, msg1, msg2)
{
  var res = -1;  if (document.getElementById) {
    res = flip(document.getElementById(szDivId));
  }
  else if (document.all) {
    // this is the way old msie versions work
    res = flip(document.all[szDivId]);
  }
  if(elem) {
    if(res == 0) elem.innerHTML = msg1; else elem.innerHTML = msg2;
  }

}

function toggleAllBoxes() {
  if (document.getElementsByTagName) {
    d = document.getElementsByTagName('div');
    for (i = 0; i < d.length; i++) {
      if (d[i].className == 'log') {
        flip(d[i]);
      }
    }
  }
}

// -->
</script>

</head>
<body>
<h2 align='center'>Centrum Automation test</h2><table border='1' align="center">
<tr>
<td>Tests passed/Failed/Skipped:</td><td>26/4/8</td>
</tr><tr>
<td>Started on:</td><td>Wed Sep 07 19:07:55 IST 2022</td>
</tr>
<tr><td>Total time:</td><td>436 seconds (436340 ms)</td>
</tr><tr>
<td>Included groups:</td><td></td>
</tr><tr>
<td>Excluded groups:</td><td></td>
</tr>
</table><p/>
<small><i>(Hover the method name to see the test class name)</i></small><p/>
<table width='100%' border='1' class='invocation-failed'>
<tr><td colspan='4' align='center'><b>FAILED TESTS</b></td></tr>
<tr><td><b>Test method</b></td>
<td width="30%"><b>Exception</b></td>
<td width="10%"><b>Time (seconds)</b></td>
<td><b>Instance</b></td>
</tr>
<tr>
<td title='com.qa.centrum.eng.test.CentrumSampleAboutPage.verifyBuyNowOne()'><b>verifyBuyNowOne</b><br>Test class: com.qa.centrum.eng.test.CentrumSampleAboutPage</td>
<td><div><pre>java.lang.AssertionError: expected [about/] but found [products/multivitamins/centrum-adults/]
	at com.qa.baseClass.BaseClass.compareTwoText(BaseClass.java:708)
	at com.qa.centrum.eng.test.CentrumSampleAboutPage.verifyBuyNowOne(CentrumSampleAboutPage.java:120)
	at java.base/java.util.ArrayList.forEach(ArrayList.java:1511)
... Removed 31 stack frames</pre></div><a href='#' onClick='toggleBox("stack-trace1323828508", this, "Click to show all stack frames", "Click to hide stack frames")'>Click to show all stack frames</a>
<div class='stack-trace' id='stack-trace1323828508'><pre>java.lang.AssertionError: expected [about/] but found [products/multivitamins/centrum-adults/]
	at org.testng.Assert.fail(Assert.java:99)
	at org.testng.Assert.failNotEquals(Assert.java:1037)
	at org.testng.Assert.assertEqualsImpl(Assert.java:140)
	at org.testng.Assert.assertEquals(Assert.java:122)
	at org.testng.Assert.assertEquals(Assert.java:629)
	at org.testng.Assert.assertEquals(Assert.java:639)
	at com.qa.baseClass.BaseClass.compareTwoText(BaseClass.java:708)
	at com.qa.centrum.eng.test.CentrumSampleAboutPage.verifyBuyNowOne(CentrumSampleAboutPage.java:120)
	at java.base/jdk.internal.reflect.DirectMethodHandleAccessor.invoke(DirectMethodHandleAccessor.java:104)
	at java.base/java.lang.reflect.Method.invoke(Method.java:577)
	at org.testng.internal.MethodInvocationHelper.invokeMethod(MethodInvocationHelper.java:133)
	at org.testng.internal.TestInvoker.invokeMethod(TestInvoker.java:598)
	at org.testng.internal.TestInvoker.retryFailed(TestInvoker.java:213)
	at org.testng.internal.MethodRunner.runInSequence(MethodRunner.java:58)
	at org.testng.internal.TestInvoker$MethodInvocationAgent.invoke(TestInvoker.java:824)
	at org.testng.internal.TestInvoker.invokeTestMethods(TestInvoker.java:146)
	at org.testng.internal.TestMethodWorker.invokeTestMethods(TestMethodWorker.java:146)
	at org.testng.internal.TestMethodWorker.run(TestMethodWorker.java:128)
	at java.base/java.util.ArrayList.forEach(ArrayList.java:1511)
	at org.testng.TestRunner.privateRun(TestRunner.java:794)
	at org.testng.TestRunner.run(TestRunner.java:596)
	at org.testng.SuiteRunner.runTest(SuiteRunner.java:377)
	at org.testng.SuiteRunner.runSequentially(SuiteRunner.java:371)
	at org.testng.SuiteRunner.privateRun(SuiteRunner.java:332)
	at org.testng.SuiteRunner.run(SuiteRunner.java:276)
	at org.testng.SuiteRunnerWorker.runSuite(SuiteRunnerWorker.java:53)
	at org.testng.SuiteRunnerWorker.run(SuiteRunnerWorker.java:96)
	at org.testng.TestNG.runSuitesSequentially(TestNG.java:1212)
	at org.testng.TestNG.runSuitesLocally(TestNG.java:1134)
	at org.testng.TestNG.runSuites(TestNG.java:1063)
	at org.testng.TestNG.run(TestNG.java:1031)
	at org.testng.remote.AbstractRemoteTestNG.run(AbstractRemoteTestNG.java:115)
	at org.testng.remote.RemoteTestNG.initAndRun(RemoteTestNG.java:251)
	at org.testng.remote.RemoteTestNG.main(RemoteTestNG.java:77)
</pre></div></td>
<td>3</td>
<td>com.qa.centrum.eng.test.CentrumSampleAboutPage@1b11171f</td></tr>
<tr>
<td title='com.qa.centrum.eng.test.CentrumSampleAboutPage.CentrumBuyNow4()'><b>CentrumBuyNow4</b><br>Test class: com.qa.centrum.eng.test.CentrumSampleAboutPage</td>
<td><div><pre>java.lang.AssertionError: expected [about/] but found [products/multivitamins/centrum-multigummies-women-50-plus/]
	at com.qa.baseClass.BaseClass.compareTwoText(BaseClass.java:708)
	at com.qa.centrum.eng.test.CentrumSampleAboutPage.CentrumBuyNow4(CentrumSampleAboutPage.java:197)
	at java.base/java.util.ArrayList.forEach(ArrayList.java:1511)
... Removed 31 stack frames</pre></div><a href='#' onClick='toggleBox("stack-trace1844617734", this, "Click to show all stack frames", "Click to hide stack frames")'>Click to show all stack frames</a>
<div class='stack-trace' id='stack-trace1844617734'><pre>java.lang.AssertionError: expected [about/] but found [products/multivitamins/centrum-multigummies-women-50-plus/]
	at org.testng.Assert.fail(Assert.java:99)
	at org.testng.Assert.failNotEquals(Assert.java:1037)
	at org.testng.Assert.assertEqualsImpl(Assert.java:140)
	at org.testng.Assert.assertEquals(Assert.java:122)
	at org.testng.Assert.assertEquals(Assert.java:629)
	at org.testng.Assert.assertEquals(Assert.java:639)
	at com.qa.baseClass.BaseClass.compareTwoText(BaseClass.java:708)
	at com.qa.centrum.eng.test.CentrumSampleAboutPage.CentrumBuyNow4(CentrumSampleAboutPage.java:197)
	at java.base/jdk.internal.reflect.DirectMethodHandleAccessor.invoke(DirectMethodHandleAccessor.java:104)
	at java.base/java.lang.reflect.Method.invoke(Method.java:577)
	at org.testng.internal.MethodInvocationHelper.invokeMethod(MethodInvocationHelper.java:133)
	at org.testng.internal.TestInvoker.invokeMethod(TestInvoker.java:598)
	at org.testng.internal.TestInvoker.retryFailed(TestInvoker.java:213)
	at org.testng.internal.MethodRunner.runInSequence(MethodRunner.java:58)
	at org.testng.internal.TestInvoker$MethodInvocationAgent.invoke(TestInvoker.java:824)
	at org.testng.internal.TestInvoker.invokeTestMethods(TestInvoker.java:146)
	at org.testng.internal.TestMethodWorker.invokeTestMethods(TestMethodWorker.java:146)
	at org.testng.internal.TestMethodWorker.run(TestMethodWorker.java:128)
	at java.base/java.util.ArrayList.forEach(ArrayList.java:1511)
	at org.testng.TestRunner.privateRun(TestRunner.java:794)
	at org.testng.TestRunner.run(TestRunner.java:596)
	at org.testng.SuiteRunner.runTest(SuiteRunner.java:377)
	at org.testng.SuiteRunner.runSequentially(SuiteRunner.java:371)
	at org.testng.SuiteRunner.privateRun(SuiteRunner.java:332)
	at org.testng.SuiteRunner.run(SuiteRunner.java:276)
	at org.testng.SuiteRunnerWorker.runSuite(SuiteRunnerWorker.java:53)
	at org.testng.SuiteRunnerWorker.run(SuiteRunnerWorker.java:96)
	at org.testng.TestNG.runSuitesSequentially(TestNG.java:1212)
	at org.testng.TestNG.runSuitesLocally(TestNG.java:1134)
	at org.testng.TestNG.runSuites(TestNG.java:1063)
	at org.testng.TestNG.run(TestNG.java:1031)
	at org.testng.remote.AbstractRemoteTestNG.run(AbstractRemoteTestNG.java:115)
	at org.testng.remote.RemoteTestNG.initAndRun(RemoteTestNG.java:251)
	at org.testng.remote.RemoteTestNG.main(RemoteTestNG.java:77)
</pre></div></td>
<td>3</td>
<td>com.qa.centrum.eng.test.CentrumSampleAboutPage@1b11171f</td></tr>
<tr>
<td title='com.qa.centrum.eng.test.CentrumSampleAboutPage.CentrumBuyNow3()'><b>CentrumBuyNow3</b><br>Test class: com.qa.centrum.eng.test.CentrumSampleAboutPage</td>
<td><div><pre>java.lang.AssertionError: expected [about/] but found [products/multivitamins/centrum-minis-adults-50-plus/]
	at com.qa.baseClass.BaseClass.compareTwoText(BaseClass.java:708)
	at com.qa.centrum.eng.test.CentrumSampleAboutPage.CentrumBuyNow3(CentrumSampleAboutPage.java:172)
	at java.base/java.util.ArrayList.forEach(ArrayList.java:1511)
... Removed 31 stack frames</pre></div><a href='#' onClick='toggleBox("stack-trace315059566", this, "Click to show all stack frames", "Click to hide stack frames")'>Click to show all stack frames</a>
<div class='stack-trace' id='stack-trace315059566'><pre>java.lang.AssertionError: expected [about/] but found [products/multivitamins/centrum-minis-adults-50-plus/]
	at org.testng.Assert.fail(Assert.java:99)
	at org.testng.Assert.failNotEquals(Assert.java:1037)
	at org.testng.Assert.assertEqualsImpl(Assert.java:140)
	at org.testng.Assert.assertEquals(Assert.java:122)
	at org.testng.Assert.assertEquals(Assert.java:629)
	at org.testng.Assert.assertEquals(Assert.java:639)
	at com.qa.baseClass.BaseClass.compareTwoText(BaseClass.java:708)
	at com.qa.centrum.eng.test.CentrumSampleAboutPage.CentrumBuyNow3(CentrumSampleAboutPage.java:172)
	at java.base/jdk.internal.reflect.DirectMethodHandleAccessor.invoke(DirectMethodHandleAccessor.java:104)
	at java.base/java.lang.reflect.Method.invoke(Method.java:577)
	at org.testng.internal.MethodInvocationHelper.invokeMethod(MethodInvocationHelper.java:133)
	at org.testng.internal.TestInvoker.invokeMethod(TestInvoker.java:598)
	at org.testng.internal.TestInvoker.retryFailed(TestInvoker.java:213)
	at org.testng.internal.MethodRunner.runInSequence(MethodRunner.java:58)
	at org.testng.internal.TestInvoker$MethodInvocationAgent.invoke(TestInvoker.java:824)
	at org.testng.internal.TestInvoker.invokeTestMethods(TestInvoker.java:146)
	at org.testng.internal.TestMethodWorker.invokeTestMethods(TestMethodWorker.java:146)
	at org.testng.internal.TestMethodWorker.run(TestMethodWorker.java:128)
	at java.base/java.util.ArrayList.forEach(ArrayList.java:1511)
	at org.testng.TestRunner.privateRun(TestRunner.java:794)
	at org.testng.TestRunner.run(TestRunner.java:596)
	at org.testng.SuiteRunner.runTest(SuiteRunner.java:377)
	at org.testng.SuiteRunner.runSequentially(SuiteRunner.java:371)
	at org.testng.SuiteRunner.privateRun(SuiteRunner.java:332)
	at org.testng.SuiteRunner.run(SuiteRunner.java:276)
	at org.testng.SuiteRunnerWorker.runSuite(SuiteRunnerWorker.java:53)
	at org.testng.SuiteRunnerWorker.run(SuiteRunnerWorker.java:96)
	at org.testng.TestNG.runSuitesSequentially(TestNG.java:1212)
	at org.testng.TestNG.runSuitesLocally(TestNG.java:1134)
	at org.testng.TestNG.runSuites(TestNG.java:1063)
	at org.testng.TestNG.run(TestNG.java:1031)
	at org.testng.remote.AbstractRemoteTestNG.run(AbstractRemoteTestNG.java:115)
	at org.testng.remote.RemoteTestNG.initAndRun(RemoteTestNG.java:251)
	at org.testng.remote.RemoteTestNG.main(RemoteTestNG.java:77)
</pre></div></td>
<td>5</td>
<td>com.qa.centrum.eng.test.CentrumSampleAboutPage@1b11171f</td></tr>
<tr>
<td title='com.qa.centrum.eng.test.CentrumSampleAboutPage.CentrumBuyNow2()'><b>CentrumBuyNow2</b><br>Test class: com.qa.centrum.eng.test.CentrumSampleAboutPage</td>
<td><div><pre>java.lang.AssertionError: expected [about/] but found [products/multivitamins/centrum-multigummies-adults/]
	at com.qa.baseClass.BaseClass.compareTwoText(BaseClass.java:708)
	at com.qa.centrum.eng.test.CentrumSampleAboutPage.CentrumBuyNow2(CentrumSampleAboutPage.java:145)
	at java.base/java.util.ArrayList.forEach(ArrayList.java:1511)
... Removed 31 stack frames</pre></div><a href='#' onClick='toggleBox("stack-trace1356614113", this, "Click to show all stack frames", "Click to hide stack frames")'>Click to show all stack frames</a>
<div class='stack-trace' id='stack-trace1356614113'><pre>java.lang.AssertionError: expected [about/] but found [products/multivitamins/centrum-multigummies-adults/]
	at org.testng.Assert.fail(Assert.java:99)
	at org.testng.Assert.failNotEquals(Assert.java:1037)
	at org.testng.Assert.assertEqualsImpl(Assert.java:140)
	at org.testng.Assert.assertEquals(Assert.java:122)
	at org.testng.Assert.assertEquals(Assert.java:629)
	at org.testng.Assert.assertEquals(Assert.java:639)
	at com.qa.baseClass.BaseClass.compareTwoText(BaseClass.java:708)
	at com.qa.centrum.eng.test.CentrumSampleAboutPage.CentrumBuyNow2(CentrumSampleAboutPage.java:145)
	at java.base/jdk.internal.reflect.DirectMethodHandleAccessor.invoke(DirectMethodHandleAccessor.java:104)
	at java.base/java.lang.reflect.Method.invoke(Method.java:577)
	at org.testng.internal.MethodInvocationHelper.invokeMethod(MethodInvocationHelper.java:133)
	at org.testng.internal.TestInvoker.invokeMethod(TestInvoker.java:598)
	at org.testng.internal.TestInvoker.retryFailed(TestInvoker.java:213)
	at org.testng.internal.MethodRunner.runInSequence(MethodRunner.java:58)
	at org.testng.internal.TestInvoker$MethodInvocationAgent.invoke(TestInvoker.java:824)
	at org.testng.internal.TestInvoker.invokeTestMethods(TestInvoker.java:146)
	at org.testng.internal.TestMethodWorker.invokeTestMethods(TestMethodWorker.java:146)
	at org.testng.internal.TestMethodWorker.run(TestMethodWorker.java:128)
	at java.base/java.util.ArrayList.forEach(ArrayList.java:1511)
	at org.testng.TestRunner.privateRun(TestRunner.java:794)
	at org.testng.TestRunner.run(TestRunner.java:596)
	at org.testng.SuiteRunner.runTest(SuiteRunner.java:377)
	at org.testng.SuiteRunner.runSequentially(SuiteRunner.java:371)
	at org.testng.SuiteRunner.privateRun(SuiteRunner.java:332)
	at org.testng.SuiteRunner.run(SuiteRunner.java:276)
	at org.testng.SuiteRunnerWorker.runSuite(SuiteRunnerWorker.java:53)
	at org.testng.SuiteRunnerWorker.run(SuiteRunnerWorker.java:96)
	at org.testng.TestNG.runSuitesSequentially(TestNG.java:1212)
	at org.testng.TestNG.runSuitesLocally(TestNG.java:1134)
	at org.testng.TestNG.runSuites(TestNG.java:1063)
	at org.testng.TestNG.run(TestNG.java:1031)
	at org.testng.remote.AbstractRemoteTestNG.run(AbstractRemoteTestNG.java:115)
	at org.testng.remote.RemoteTestNG.initAndRun(RemoteTestNG.java:251)
	at org.testng.remote.RemoteTestNG.main(RemoteTestNG.java:77)
</pre></div></td>
<td>4</td>
<td>com.qa.centrum.eng.test.CentrumSampleAboutPage@1b11171f</td></tr>
</table><p>
<table width='100%' border='1' class='invocation-passed'>
<tr><td colspan='4' align='center'><b>PASSED TESTS</b></td></tr>
<tr><td><b>Test method</b></td>
<td width="30%"><b>Exception</b></td>
<td width="10%"><b>Time (seconds)</b></td>
<td><b>Instance</b></td>
</tr>
<tr>
<td title='com.qa.centrum.eng.test.CentrumSampleFooterPage.CountrySideButton()'><b>CountrySideButton</b><br>Test class: com.qa.centrum.eng.test.CentrumSampleFooterPage</td>
<td></td>
<td>2</td>
<td>com.qa.centrum.eng.test.CentrumSampleFooterPage@47e2e487</td></tr>
<tr>
<td title='com.qa.centrum.eng.test.CentrumSampleFooterPage.gigyaForm()'><b>gigyaForm</b><br>Test class: com.qa.centrum.eng.test.CentrumSampleFooterPage</td>
<td></td>
<td>5</td>
<td>com.qa.centrum.eng.test.CentrumSampleFooterPage@47e2e487</td></tr>
<tr>
<td title='com.qa.centrum.eng.test.CentrumSampleAboutPage.Article3()'><b>Article3</b><br>Test class: com.qa.centrum.eng.test.CentrumSampleAboutPage</td>
<td></td>
<td>6</td>
<td>com.qa.centrum.eng.test.CentrumSampleAboutPage@1b11171f</td></tr>
<tr>
<td title='com.qa.centrum.eng.test.CentrumSampleAboutPage.Compare2()'><b>Compare2</b><br>Test class: com.qa.centrum.eng.test.CentrumSampleAboutPage</td>
<td></td>
<td>4</td>
<td>com.qa.centrum.eng.test.CentrumSampleAboutPage@1b11171f</td></tr>
<tr>
<td title='com.qa.centrum.eng.test.CentrumSampleFooterPage.siteMap()'><b>siteMap</b><br>Test class: com.qa.centrum.eng.test.CentrumSampleFooterPage</td>
<td></td>
<td>6</td>
<td>com.qa.centrum.eng.test.CentrumSampleFooterPage@47e2e487</td></tr>
<tr>
<td title='com.qa.centrum.eng.test.CentrumSampleFooterPage.cookieButton()'><b>cookieButton</b><br>Test class: com.qa.centrum.eng.test.CentrumSampleFooterPage</td>
<td></td>
<td>2</td>
<td>com.qa.centrum.eng.test.CentrumSampleFooterPage@47e2e487</td></tr>
<tr>
<td title='com.qa.centrum.eng.test.CentrumSampleFooterPage.SearchButton()'><b>SearchButton</b><br>Test class: com.qa.centrum.eng.test.CentrumSampleFooterPage</td>
<td></td>
<td>1</td>
<td>com.qa.centrum.eng.test.CentrumSampleFooterPage@47e2e487</td></tr>
<tr>
<td title='com.qa.centrum.eng.test.CentrumSampleAboutPage.CentrumMultigummiesWomen()'><b>CentrumMultigummiesWomen</b><br>Test class: com.qa.centrum.eng.test.CentrumSampleAboutPage</td>
<td></td>
<td>11</td>
<td>com.qa.centrum.eng.test.CentrumSampleAboutPage@1b11171f</td></tr>
<tr>
<td title='com.qa.centrum.eng.test.CentrumSampleFooterPage.signUpGigyaForm()'><b>signUpGigyaForm</b><br>Test class: com.qa.centrum.eng.test.CentrumSampleFooterPage</td>
<td></td>
<td>4</td>
<td>com.qa.centrum.eng.test.CentrumSampleFooterPage@47e2e487</td></tr>
<tr>
<td title='com.qa.centrum.eng.test.CentrumSampleAboutPage.Article1()'><b>Article1</b><br>Test class: com.qa.centrum.eng.test.CentrumSampleAboutPage</td>
<td></td>
<td>4</td>
<td>com.qa.centrum.eng.test.CentrumSampleAboutPage@1b11171f</td></tr>
<tr>
<td title='com.qa.centrum.eng.test.CentrumSampleAboutPage.CentrumMultiGummiesAdultsLink()'><b>CentrumMultiGummiesAdultsLink</b><br>Test class: com.qa.centrum.eng.test.CentrumSampleAboutPage</td>
<td></td>
<td>11</td>
<td>com.qa.centrum.eng.test.CentrumSampleAboutPage@1b11171f</td></tr>
<tr>
<td title='com.qa.centrum.eng.test.CentrumSampleAboutPage.scienceLink()'><b>scienceLink</b><br>Test class: com.qa.centrum.eng.test.CentrumSampleAboutPage</td>
<td></td>
<td>6</td>
<td>com.qa.centrum.eng.test.CentrumSampleAboutPage@1b11171f</td></tr>
<tr>
<td title='com.qa.centrum.eng.test.CentrumSampleFooterPage.HeaderCentrumButton()'><b>HeaderCentrumButton</b><br>Test class: com.qa.centrum.eng.test.CentrumSampleFooterPage</td>
<td></td>
<td>8</td>
<td>com.qa.centrum.eng.test.CentrumSampleFooterPage@47e2e487</td></tr>
<tr>
<td title='com.qa.centrum.eng.test.CentrumSampleAboutPage.CentrumAdultsLink()'><b>CentrumAdultsLink</b><br>Test class: com.qa.centrum.eng.test.CentrumSampleAboutPage</td>
<td></td>
<td>11</td>
<td>com.qa.centrum.eng.test.CentrumSampleAboutPage@1b11171f</td></tr>
<tr>
<td title='com.qa.centrum.eng.test.CentrumSampleAboutPage.Article2()'><b>Article2</b><br>Test class: com.qa.centrum.eng.test.CentrumSampleAboutPage</td>
<td></td>
<td>4</td>
<td>com.qa.centrum.eng.test.CentrumSampleAboutPage@1b11171f</td></tr>
<tr>
<td title='com.qa.centrum.eng.test.CentrumSampleAboutPage.Compare1()'><b>Compare1</b><br>Test class: com.qa.centrum.eng.test.CentrumSampleAboutPage</td>
<td></td>
<td>5</td>
<td>com.qa.centrum.eng.test.CentrumSampleAboutPage@1b11171f</td></tr>
<tr>
<td title='com.qa.centrum.eng.test.CentrumSampleAboutPage.Compare3()'><b>Compare3</b><br>Test class: com.qa.centrum.eng.test.CentrumSampleAboutPage</td>
<td></td>
<td>5</td>
<td>com.qa.centrum.eng.test.CentrumSampleAboutPage@1b11171f</td></tr>
<tr>
<td title='com.qa.centrum.eng.test.CentrumSampleAboutPage.Article4()'><b>Article4</b><br>Test class: com.qa.centrum.eng.test.CentrumSampleAboutPage</td>
<td></td>
<td>4</td>
<td>com.qa.centrum.eng.test.CentrumSampleAboutPage@1b11171f</td></tr>
<tr>
<td title='com.qa.centrum.eng.test.CentrumSampleFooterPage.contactUS()'><b>contactUS</b><br>Test class: com.qa.centrum.eng.test.CentrumSampleFooterPage</td>
<td></td>
<td>5</td>
<td>com.qa.centrum.eng.test.CentrumSampleFooterPage@47e2e487</td></tr>
<tr>
<td title='com.qa.centrum.eng.test.CentrumSampleAboutPage.CentrumMinis()'><b>CentrumMinis</b><br>Test class: com.qa.centrum.eng.test.CentrumSampleAboutPage</td>
<td></td>
<td>11</td>
<td>com.qa.centrum.eng.test.CentrumSampleAboutPage@1b11171f</td></tr>
<tr>
<td title='com.qa.centrum.eng.test.CentrumSampleFooterPage.GskLogoButton()'><b>GskLogoButton</b><br>Test class: com.qa.centrum.eng.test.CentrumSampleFooterPage</td>
<td></td>
<td>6</td>
<td>com.qa.centrum.eng.test.CentrumSampleFooterPage@47e2e487</td></tr>
<tr>
<td title='com.qa.centrum.eng.test.CentrumSampleFooterPage.WheretoBuyButton()'><b>WheretoBuyButton</b><br>Test class: com.qa.centrum.eng.test.CentrumSampleFooterPage</td>
<td></td>
<td>8</td>
<td>com.qa.centrum.eng.test.CentrumSampleFooterPage@47e2e487</td></tr>
<tr>
<td title='com.qa.centrum.eng.test.CentrumSampleAboutPage.cookieButton()'><b>cookieButton</b><br>Test class: com.qa.centrum.eng.test.CentrumSampleAboutPage</td>
<td></td>
<td>1</td>
<td>com.qa.centrum.eng.test.CentrumSampleAboutPage@1b11171f</td></tr>
<tr>
<td title='com.qa.centrum.eng.test.CentrumSampleFooterPage.getcouponButton()'><b>getcouponButton</b><br>Test class: com.qa.centrum.eng.test.CentrumSampleFooterPage</td>
<td></td>
<td>6</td>
<td>com.qa.centrum.eng.test.CentrumSampleFooterPage@47e2e487</td></tr>
<tr>
<td title='com.qa.centrum.eng.test.CentrumSampleAboutPage.Compare4()'><b>Compare4</b><br>Test class: com.qa.centrum.eng.test.CentrumSampleAboutPage</td>
<td></td>
<td>5</td>
<td>com.qa.centrum.eng.test.CentrumSampleAboutPage@1b11171f</td></tr>
<tr>
<td title='com.qa.centrum.eng.test.CentrumSampleFooterPage.NewsletterButton()'><b>NewsletterButton</b><br>Test class: com.qa.centrum.eng.test.CentrumSampleFooterPage</td>
<td></td>
<td>5</td>
<td>com.qa.centrum.eng.test.CentrumSampleFooterPage@47e2e487</td></tr>
</table><p>
<table width='100%' border='1' class='invocation-skipped'>
<tr><td colspan='4' align='center'><b>SKIPPED TESTS</b></td></tr>
<tr><td><b>Test method</b></td>
<td width="30%"><b>Exception</b></td>
<td width="10%"><b>Time (seconds)</b></td>
<td><b>Instance</b></td>
</tr>
<tr>
<td title='com.qa.centrum.eng.test.CentrumSampleAboutPage.CentrumBuyNow2()'><b>CentrumBuyNow2</b><br>Test class: com.qa.centrum.eng.test.CentrumSampleAboutPage</td>
<td><div><pre>java.lang.AssertionError: expected [about/] but found [products/multivitamins/centrum-multigummies-adults/]
	at com.qa.baseClass.BaseClass.compareTwoText(BaseClass.java:708)
	at com.qa.centrum.eng.test.CentrumSampleAboutPage.CentrumBuyNow2(CentrumSampleAboutPage.java:145)
	at java.base/java.util.ArrayList.forEach(ArrayList.java:1511)
... Removed 31 stack frames</pre></div><a href='#' onClick='toggleBox("stack-trace196668120", this, "Click to show all stack frames", "Click to hide stack frames")'>Click to show all stack frames</a>
<div class='stack-trace' id='stack-trace196668120'><pre>java.lang.AssertionError: expected [about/] but found [products/multivitamins/centrum-multigummies-adults/]
	at org.testng.Assert.fail(Assert.java:99)
	at org.testng.Assert.failNotEquals(Assert.java:1037)
	at org.testng.Assert.assertEqualsImpl(Assert.java:140)
	at org.testng.Assert.assertEquals(Assert.java:122)
	at org.testng.Assert.assertEquals(Assert.java:629)
	at org.testng.Assert.assertEquals(Assert.java:639)
	at com.qa.baseClass.BaseClass.compareTwoText(BaseClass.java:708)
	at com.qa.centrum.eng.test.CentrumSampleAboutPage.CentrumBuyNow2(CentrumSampleAboutPage.java:145)
	at java.base/jdk.internal.reflect.DirectMethodHandleAccessor.invoke(DirectMethodHandleAccessor.java:104)
	at java.base/java.lang.reflect.Method.invoke(Method.java:577)
	at org.testng.internal.MethodInvocationHelper.invokeMethod(MethodInvocationHelper.java:133)
	at org.testng.internal.TestInvoker.invokeMethod(TestInvoker.java:598)
	at org.testng.internal.TestInvoker.retryFailed(TestInvoker.java:213)
	at org.testng.internal.MethodRunner.runInSequence(MethodRunner.java:58)
	at org.testng.internal.TestInvoker$MethodInvocationAgent.invoke(TestInvoker.java:824)
	at org.testng.internal.TestInvoker.invokeTestMethods(TestInvoker.java:146)
	at org.testng.internal.TestMethodWorker.invokeTestMethods(TestMethodWorker.java:146)
	at org.testng.internal.TestMethodWorker.run(TestMethodWorker.java:128)
	at java.base/java.util.ArrayList.forEach(ArrayList.java:1511)
	at org.testng.TestRunner.privateRun(TestRunner.java:794)
	at org.testng.TestRunner.run(TestRunner.java:596)
	at org.testng.SuiteRunner.runTest(SuiteRunner.java:377)
	at org.testng.SuiteRunner.runSequentially(SuiteRunner.java:371)
	at org.testng.SuiteRunner.privateRun(SuiteRunner.java:332)
	at org.testng.SuiteRunner.run(SuiteRunner.java:276)
	at org.testng.SuiteRunnerWorker.runSuite(SuiteRunnerWorker.java:53)
	at org.testng.SuiteRunnerWorker.run(SuiteRunnerWorker.java:96)
	at org.testng.TestNG.runSuitesSequentially(TestNG.java:1212)
	at org.testng.TestNG.runSuitesLocally(TestNG.java:1134)
	at org.testng.TestNG.runSuites(TestNG.java:1063)
	at org.testng.TestNG.run(TestNG.java:1031)
	at org.testng.remote.AbstractRemoteTestNG.run(AbstractRemoteTestNG.java:115)
	at org.testng.remote.RemoteTestNG.initAndRun(RemoteTestNG.java:251)
	at org.testng.remote.RemoteTestNG.main(RemoteTestNG.java:77)
</pre></div></td>
<td>3</td>
<td>com.qa.centrum.eng.test.CentrumSampleAboutPage@1b11171f</td></tr>
<tr>
<td title='com.qa.centrum.eng.test.CentrumSampleAboutPage.CentrumBuyNow4()'><b>CentrumBuyNow4</b><br>Test class: com.qa.centrum.eng.test.CentrumSampleAboutPage</td>
<td><div><pre>java.lang.AssertionError: expected [about/] but found [products/multivitamins/centrum-multigummies-women-50-plus/]
	at com.qa.baseClass.BaseClass.compareTwoText(BaseClass.java:708)
	at com.qa.centrum.eng.test.CentrumSampleAboutPage.CentrumBuyNow4(CentrumSampleAboutPage.java:197)
	at java.base/java.util.ArrayList.forEach(ArrayList.java:1511)
... Removed 31 stack frames</pre></div><a href='#' onClick='toggleBox("stack-trace1642154835", this, "Click to show all stack frames", "Click to hide stack frames")'>Click to show all stack frames</a>
<div class='stack-trace' id='stack-trace1642154835'><pre>java.lang.AssertionError: expected [about/] but found [products/multivitamins/centrum-multigummies-women-50-plus/]
	at org.testng.Assert.fail(Assert.java:99)
	at org.testng.Assert.failNotEquals(Assert.java:1037)
	at org.testng.Assert.assertEqualsImpl(Assert.java:140)
	at org.testng.Assert.assertEquals(Assert.java:122)
	at org.testng.Assert.assertEquals(Assert.java:629)
	at org.testng.Assert.assertEquals(Assert.java:639)
	at com.qa.baseClass.BaseClass.compareTwoText(BaseClass.java:708)
	at com.qa.centrum.eng.test.CentrumSampleAboutPage.CentrumBuyNow4(CentrumSampleAboutPage.java:197)
	at java.base/jdk.internal.reflect.DirectMethodHandleAccessor.invoke(DirectMethodHandleAccessor.java:104)
	at java.base/java.lang.reflect.Method.invoke(Method.java:577)
	at org.testng.internal.MethodInvocationHelper.invokeMethod(MethodInvocationHelper.java:133)
	at org.testng.internal.TestInvoker.invokeMethod(TestInvoker.java:598)
	at org.testng.internal.TestInvoker.retryFailed(TestInvoker.java:213)
	at org.testng.internal.MethodRunner.runInSequence(MethodRunner.java:58)
	at org.testng.internal.TestInvoker$MethodInvocationAgent.invoke(TestInvoker.java:824)
	at org.testng.internal.TestInvoker.invokeTestMethods(TestInvoker.java:146)
	at org.testng.internal.TestMethodWorker.invokeTestMethods(TestMethodWorker.java:146)
	at org.testng.internal.TestMethodWorker.run(TestMethodWorker.java:128)
	at java.base/java.util.ArrayList.forEach(ArrayList.java:1511)
	at org.testng.TestRunner.privateRun(TestRunner.java:794)
	at org.testng.TestRunner.run(TestRunner.java:596)
	at org.testng.SuiteRunner.runTest(SuiteRunner.java:377)
	at org.testng.SuiteRunner.runSequentially(SuiteRunner.java:371)
	at org.testng.SuiteRunner.privateRun(SuiteRunner.java:332)
	at org.testng.SuiteRunner.run(SuiteRunner.java:276)
	at org.testng.SuiteRunnerWorker.runSuite(SuiteRunnerWorker.java:53)
	at org.testng.SuiteRunnerWorker.run(SuiteRunnerWorker.java:96)
	at org.testng.TestNG.runSuitesSequentially(TestNG.java:1212)
	at org.testng.TestNG.runSuitesLocally(TestNG.java:1134)
	at org.testng.TestNG.runSuites(TestNG.java:1063)
	at org.testng.TestNG.run(TestNG.java:1031)
	at org.testng.remote.AbstractRemoteTestNG.run(AbstractRemoteTestNG.java:115)
	at org.testng.remote.RemoteTestNG.initAndRun(RemoteTestNG.java:251)
	at org.testng.remote.RemoteTestNG.main(RemoteTestNG.java:77)
</pre></div></td>
<td>3</td>
<td>com.qa.centrum.eng.test.CentrumSampleAboutPage@1b11171f</td></tr>
<tr>
<td title='com.qa.centrum.eng.test.CentrumSampleAboutPage.CentrumBuyNow2()'><b>CentrumBuyNow2</b><br>Test class: com.qa.centrum.eng.test.CentrumSampleAboutPage</td>
<td><div><pre>java.lang.AssertionError: expected [about/] but found [products/multivitamins/centrum-multigummies-adults/]
	at com.qa.baseClass.BaseClass.compareTwoText(BaseClass.java:708)
	at com.qa.centrum.eng.test.CentrumSampleAboutPage.CentrumBuyNow2(CentrumSampleAboutPage.java:145)
	at java.base/java.util.ArrayList.forEach(ArrayList.java:1511)
... Removed 31 stack frames</pre></div><a href='#' onClick='toggleBox("stack-trace614482519", this, "Click to show all stack frames", "Click to hide stack frames")'>Click to show all stack frames</a>
<div class='stack-trace' id='stack-trace614482519'><pre>java.lang.AssertionError: expected [about/] but found [products/multivitamins/centrum-multigummies-adults/]
	at org.testng.Assert.fail(Assert.java:99)
	at org.testng.Assert.failNotEquals(Assert.java:1037)
	at org.testng.Assert.assertEqualsImpl(Assert.java:140)
	at org.testng.Assert.assertEquals(Assert.java:122)
	at org.testng.Assert.assertEquals(Assert.java:629)
	at org.testng.Assert.assertEquals(Assert.java:639)
	at com.qa.baseClass.BaseClass.compareTwoText(BaseClass.java:708)
	at com.qa.centrum.eng.test.CentrumSampleAboutPage.CentrumBuyNow2(CentrumSampleAboutPage.java:145)
	at java.base/jdk.internal.reflect.DirectMethodHandleAccessor.invoke(DirectMethodHandleAccessor.java:104)
	at java.base/java.lang.reflect.Method.invoke(Method.java:577)
	at org.testng.internal.MethodInvocationHelper.invokeMethod(MethodInvocationHelper.java:133)
	at org.testng.internal.TestInvoker.invokeMethod(TestInvoker.java:598)
	at org.testng.internal.TestInvoker.invokeTestMethod(TestInvoker.java:173)
	at org.testng.internal.MethodRunner.runInSequence(MethodRunner.java:46)
	at org.testng.internal.TestInvoker$MethodInvocationAgent.invoke(TestInvoker.java:824)
	at org.testng.internal.TestInvoker.invokeTestMethods(TestInvoker.java:146)
	at org.testng.internal.TestMethodWorker.invokeTestMethods(TestMethodWorker.java:146)
	at org.testng.internal.TestMethodWorker.run(TestMethodWorker.java:128)
	at java.base/java.util.ArrayList.forEach(ArrayList.java:1511)
	at org.testng.TestRunner.privateRun(TestRunner.java:794)
	at org.testng.TestRunner.run(TestRunner.java:596)
	at org.testng.SuiteRunner.runTest(SuiteRunner.java:377)
	at org.testng.SuiteRunner.runSequentially(SuiteRunner.java:371)
	at org.testng.SuiteRunner.privateRun(SuiteRunner.java:332)
	at org.testng.SuiteRunner.run(SuiteRunner.java:276)
	at org.testng.SuiteRunnerWorker.runSuite(SuiteRunnerWorker.java:53)
	at org.testng.SuiteRunnerWorker.run(SuiteRunnerWorker.java:96)
	at org.testng.TestNG.runSuitesSequentially(TestNG.java:1212)
	at org.testng.TestNG.runSuitesLocally(TestNG.java:1134)
	at org.testng.TestNG.runSuites(TestNG.java:1063)
	at org.testng.TestNG.run(TestNG.java:1031)
	at org.testng.remote.AbstractRemoteTestNG.run(AbstractRemoteTestNG.java:115)
	at org.testng.remote.RemoteTestNG.initAndRun(RemoteTestNG.java:251)
	at org.testng.remote.RemoteTestNG.main(RemoteTestNG.java:77)
</pre></div></td>
<td>5</td>
<td>com.qa.centrum.eng.test.CentrumSampleAboutPage@1b11171f</td></tr>
<tr>
<td title='com.qa.centrum.eng.test.CentrumSampleAboutPage.verifyBuyNowOne()'><b>verifyBuyNowOne</b><br>Test class: com.qa.centrum.eng.test.CentrumSampleAboutPage</td>
<td><div><pre>java.lang.AssertionError: expected [about/] but found [products/multivitamins/centrum-adults/]
	at com.qa.baseClass.BaseClass.compareTwoText(BaseClass.java:708)
	at com.qa.centrum.eng.test.CentrumSampleAboutPage.verifyBuyNowOne(CentrumSampleAboutPage.java:120)
	at java.base/java.util.ArrayList.forEach(ArrayList.java:1511)
... Removed 31 stack frames</pre></div><a href='#' onClick='toggleBox("stack-trace1547521797", this, "Click to show all stack frames", "Click to hide stack frames")'>Click to show all stack frames</a>
<div class='stack-trace' id='stack-trace1547521797'><pre>java.lang.AssertionError: expected [about/] but found [products/multivitamins/centrum-adults/]
	at org.testng.Assert.fail(Assert.java:99)
	at org.testng.Assert.failNotEquals(Assert.java:1037)
	at org.testng.Assert.assertEqualsImpl(Assert.java:140)
	at org.testng.Assert.assertEquals(Assert.java:122)
	at org.testng.Assert.assertEquals(Assert.java:629)
	at org.testng.Assert.assertEquals(Assert.java:639)
	at com.qa.baseClass.BaseClass.compareTwoText(BaseClass.java:708)
	at com.qa.centrum.eng.test.CentrumSampleAboutPage.verifyBuyNowOne(CentrumSampleAboutPage.java:120)
	at java.base/jdk.internal.reflect.DirectMethodHandleAccessor.invoke(DirectMethodHandleAccessor.java:104)
	at java.base/java.lang.reflect.Method.invoke(Method.java:577)
	at org.testng.internal.MethodInvocationHelper.invokeMethod(MethodInvocationHelper.java:133)
	at org.testng.internal.TestInvoker.invokeMethod(TestInvoker.java:598)
	at org.testng.internal.TestInvoker.invokeTestMethod(TestInvoker.java:173)
	at org.testng.internal.MethodRunner.runInSequence(MethodRunner.java:46)
	at org.testng.internal.TestInvoker$MethodInvocationAgent.invoke(TestInvoker.java:824)
	at org.testng.internal.TestInvoker.invokeTestMethods(TestInvoker.java:146)
	at org.testng.internal.TestMethodWorker.invokeTestMethods(TestMethodWorker.java:146)
	at org.testng.internal.TestMethodWorker.run(TestMethodWorker.java:128)
	at java.base/java.util.ArrayList.forEach(ArrayList.java:1511)
	at org.testng.TestRunner.privateRun(TestRunner.java:794)
	at org.testng.TestRunner.run(TestRunner.java:596)
	at org.testng.SuiteRunner.runTest(SuiteRunner.java:377)
	at org.testng.SuiteRunner.runSequentially(SuiteRunner.java:371)
	at org.testng.SuiteRunner.privateRun(SuiteRunner.java:332)
	at org.testng.SuiteRunner.run(SuiteRunner.java:276)
	at org.testng.SuiteRunnerWorker.runSuite(SuiteRunnerWorker.java:53)
	at org.testng.SuiteRunnerWorker.run(SuiteRunnerWorker.java:96)
	at org.testng.TestNG.runSuitesSequentially(TestNG.java:1212)
	at org.testng.TestNG.runSuitesLocally(TestNG.java:1134)
	at org.testng.TestNG.runSuites(TestNG.java:1063)
	at org.testng.TestNG.run(TestNG.java:1031)
	at org.testng.remote.AbstractRemoteTestNG.run(AbstractRemoteTestNG.java:115)
	at org.testng.remote.RemoteTestNG.initAndRun(RemoteTestNG.java:251)
	at org.testng.remote.RemoteTestNG.main(RemoteTestNG.java:77)
</pre></div></td>
<td>5</td>
<td>com.qa.centrum.eng.test.CentrumSampleAboutPage@1b11171f</td></tr>
<tr>
<td title='com.qa.centrum.eng.test.CentrumSampleAboutPage.CentrumBuyNow3()'><b>CentrumBuyNow3</b><br>Test class: com.qa.centrum.eng.test.CentrumSampleAboutPage</td>
<td><div><pre>java.lang.AssertionError: expected [about/] but found [products/multivitamins/centrum-minis-adults-50-plus/]
	at com.qa.baseClass.BaseClass.compareTwoText(BaseClass.java:708)
	at com.qa.centrum.eng.test.CentrumSampleAboutPage.CentrumBuyNow3(CentrumSampleAboutPage.java:172)
	at java.base/java.util.ArrayList.forEach(ArrayList.java:1511)
... Removed 31 stack frames</pre></div><a href='#' onClick='toggleBox("stack-trace437771631", this, "Click to show all stack frames", "Click to hide stack frames")'>Click to show all stack frames</a>
<div class='stack-trace' id='stack-trace437771631'><pre>java.lang.AssertionError: expected [about/] but found [products/multivitamins/centrum-minis-adults-50-plus/]
	at org.testng.Assert.fail(Assert.java:99)
	at org.testng.Assert.failNotEquals(Assert.java:1037)
	at org.testng.Assert.assertEqualsImpl(Assert.java:140)
	at org.testng.Assert.assertEquals(Assert.java:122)
	at org.testng.Assert.assertEquals(Assert.java:629)
	at org.testng.Assert.assertEquals(Assert.java:639)
	at com.qa.baseClass.BaseClass.compareTwoText(BaseClass.java:708)
	at com.qa.centrum.eng.test.CentrumSampleAboutPage.CentrumBuyNow3(CentrumSampleAboutPage.java:172)
	at java.base/jdk.internal.reflect.DirectMethodHandleAccessor.invoke(DirectMethodHandleAccessor.java:104)
	at java.base/java.lang.reflect.Method.invoke(Method.java:577)
	at org.testng.internal.MethodInvocationHelper.invokeMethod(MethodInvocationHelper.java:133)
	at org.testng.internal.TestInvoker.invokeMethod(TestInvoker.java:598)
	at org.testng.internal.TestInvoker.invokeTestMethod(TestInvoker.java:173)
	at org.testng.internal.MethodRunner.runInSequence(MethodRunner.java:46)
	at org.testng.internal.TestInvoker$MethodInvocationAgent.invoke(TestInvoker.java:824)
	at org.testng.internal.TestInvoker.invokeTestMethods(TestInvoker.java:146)
	at org.testng.internal.TestMethodWorker.invokeTestMethods(TestMethodWorker.java:146)
	at org.testng.internal.TestMethodWorker.run(TestMethodWorker.java:128)
	at java.base/java.util.ArrayList.forEach(ArrayList.java:1511)
	at org.testng.TestRunner.privateRun(TestRunner.java:794)
	at org.testng.TestRunner.run(TestRunner.java:596)
	at org.testng.SuiteRunner.runTest(SuiteRunner.java:377)
	at org.testng.SuiteRunner.runSequentially(SuiteRunner.java:371)
	at org.testng.SuiteRunner.privateRun(SuiteRunner.java:332)
	at org.testng.SuiteRunner.run(SuiteRunner.java:276)
	at org.testng.SuiteRunnerWorker.runSuite(SuiteRunnerWorker.java:53)
	at org.testng.SuiteRunnerWorker.run(SuiteRunnerWorker.java:96)
	at org.testng.TestNG.runSuitesSequentially(TestNG.java:1212)
	at org.testng.TestNG.runSuitesLocally(TestNG.java:1134)
	at org.testng.TestNG.runSuites(TestNG.java:1063)
	at org.testng.TestNG.run(TestNG.java:1031)
	at org.testng.remote.AbstractRemoteTestNG.run(AbstractRemoteTestNG.java:115)
	at org.testng.remote.RemoteTestNG.initAndRun(RemoteTestNG.java:251)
	at org.testng.remote.RemoteTestNG.main(RemoteTestNG.java:77)
</pre></div></td>
<td>5</td>
<td>com.qa.centrum.eng.test.CentrumSampleAboutPage@1b11171f</td></tr>
<tr>
<td title='com.qa.centrum.eng.test.CentrumSampleAboutPage.verifyBuyNowOne()'><b>verifyBuyNowOne</b><br>Test class: com.qa.centrum.eng.test.CentrumSampleAboutPage</td>
<td><div><pre>java.lang.AssertionError: expected [about/] but found [products/multivitamins/centrum-adults/]
	at com.qa.baseClass.BaseClass.compareTwoText(BaseClass.java:708)
	at com.qa.centrum.eng.test.CentrumSampleAboutPage.verifyBuyNowOne(CentrumSampleAboutPage.java:120)
	at java.base/java.util.ArrayList.forEach(ArrayList.java:1511)
... Removed 31 stack frames</pre></div><a href='#' onClick='toggleBox("stack-trace1233246555", this, "Click to show all stack frames", "Click to hide stack frames")'>Click to show all stack frames</a>
<div class='stack-trace' id='stack-trace1233246555'><pre>java.lang.AssertionError: expected [about/] but found [products/multivitamins/centrum-adults/]
	at org.testng.Assert.fail(Assert.java:99)
	at org.testng.Assert.failNotEquals(Assert.java:1037)
	at org.testng.Assert.assertEqualsImpl(Assert.java:140)
	at org.testng.Assert.assertEquals(Assert.java:122)
	at org.testng.Assert.assertEquals(Assert.java:629)
	at org.testng.Assert.assertEquals(Assert.java:639)
	at com.qa.baseClass.BaseClass.compareTwoText(BaseClass.java:708)
	at com.qa.centrum.eng.test.CentrumSampleAboutPage.verifyBuyNowOne(CentrumSampleAboutPage.java:120)
	at java.base/jdk.internal.reflect.DirectMethodHandleAccessor.invoke(DirectMethodHandleAccessor.java:104)
	at java.base/java.lang.reflect.Method.invoke(Method.java:577)
	at org.testng.internal.MethodInvocationHelper.invokeMethod(MethodInvocationHelper.java:133)
	at org.testng.internal.TestInvoker.invokeMethod(TestInvoker.java:598)
	at org.testng.internal.TestInvoker.retryFailed(TestInvoker.java:213)
	at org.testng.internal.MethodRunner.runInSequence(MethodRunner.java:58)
	at org.testng.internal.TestInvoker$MethodInvocationAgent.invoke(TestInvoker.java:824)
	at org.testng.internal.TestInvoker.invokeTestMethods(TestInvoker.java:146)
	at org.testng.internal.TestMethodWorker.invokeTestMethods(TestMethodWorker.java:146)
	at org.testng.internal.TestMethodWorker.run(TestMethodWorker.java:128)
	at java.base/java.util.ArrayList.forEach(ArrayList.java:1511)
	at org.testng.TestRunner.privateRun(TestRunner.java:794)
	at org.testng.TestRunner.run(TestRunner.java:596)
	at org.testng.SuiteRunner.runTest(SuiteRunner.java:377)
	at org.testng.SuiteRunner.runSequentially(SuiteRunner.java:371)
	at org.testng.SuiteRunner.privateRun(SuiteRunner.java:332)
	at org.testng.SuiteRunner.run(SuiteRunner.java:276)
	at org.testng.SuiteRunnerWorker.runSuite(SuiteRunnerWorker.java:53)
	at org.testng.SuiteRunnerWorker.run(SuiteRunnerWorker.java:96)
	at org.testng.TestNG.runSuitesSequentially(TestNG.java:1212)
	at org.testng.TestNG.runSuitesLocally(TestNG.java:1134)
	at org.testng.TestNG.runSuites(TestNG.java:1063)
	at org.testng.TestNG.run(TestNG.java:1031)
	at org.testng.remote.AbstractRemoteTestNG.run(AbstractRemoteTestNG.java:115)
	at org.testng.remote.RemoteTestNG.initAndRun(RemoteTestNG.java:251)
	at org.testng.remote.RemoteTestNG.main(RemoteTestNG.java:77)
</pre></div></td>
<td>4</td>
<td>com.qa.centrum.eng.test.CentrumSampleAboutPage@1b11171f</td></tr>
<tr>
<td title='com.qa.centrum.eng.test.CentrumSampleAboutPage.CentrumBuyNow4()'><b>CentrumBuyNow4</b><br>Test class: com.qa.centrum.eng.test.CentrumSampleAboutPage</td>
<td><div><pre>java.lang.AssertionError: expected [about/] but found [products/multivitamins/centrum-multigummies-women-50-plus/]
	at com.qa.baseClass.BaseClass.compareTwoText(BaseClass.java:708)
	at com.qa.centrum.eng.test.CentrumSampleAboutPage.CentrumBuyNow4(CentrumSampleAboutPage.java:197)
	at java.base/java.util.ArrayList.forEach(ArrayList.java:1511)
... Removed 31 stack frames</pre></div><a href='#' onClick='toggleBox("stack-trace698336642", this, "Click to show all stack frames", "Click to hide stack frames")'>Click to show all stack frames</a>
<div class='stack-trace' id='stack-trace698336642'><pre>java.lang.AssertionError: expected [about/] but found [products/multivitamins/centrum-multigummies-women-50-plus/]
	at org.testng.Assert.fail(Assert.java:99)
	at org.testng.Assert.failNotEquals(Assert.java:1037)
	at org.testng.Assert.assertEqualsImpl(Assert.java:140)
	at org.testng.Assert.assertEquals(Assert.java:122)
	at org.testng.Assert.assertEquals(Assert.java:629)
	at org.testng.Assert.assertEquals(Assert.java:639)
	at com.qa.baseClass.BaseClass.compareTwoText(BaseClass.java:708)
	at com.qa.centrum.eng.test.CentrumSampleAboutPage.CentrumBuyNow4(CentrumSampleAboutPage.java:197)
	at java.base/jdk.internal.reflect.DirectMethodHandleAccessor.invoke(DirectMethodHandleAccessor.java:104)
	at java.base/java.lang.reflect.Method.invoke(Method.java:577)
	at org.testng.internal.MethodInvocationHelper.invokeMethod(MethodInvocationHelper.java:133)
	at org.testng.internal.TestInvoker.invokeMethod(TestInvoker.java:598)
	at org.testng.internal.TestInvoker.invokeTestMethod(TestInvoker.java:173)
	at org.testng.internal.MethodRunner.runInSequence(MethodRunner.java:46)
	at org.testng.internal.TestInvoker$MethodInvocationAgent.invoke(TestInvoker.java:824)
	at org.testng.internal.TestInvoker.invokeTestMethods(TestInvoker.java:146)
	at org.testng.internal.TestMethodWorker.invokeTestMethods(TestMethodWorker.java:146)
	at org.testng.internal.TestMethodWorker.run(TestMethodWorker.java:128)
	at java.base/java.util.ArrayList.forEach(ArrayList.java:1511)
	at org.testng.TestRunner.privateRun(TestRunner.java:794)
	at org.testng.TestRunner.run(TestRunner.java:596)
	at org.testng.SuiteRunner.runTest(SuiteRunner.java:377)
	at org.testng.SuiteRunner.runSequentially(SuiteRunner.java:371)
	at org.testng.SuiteRunner.privateRun(SuiteRunner.java:332)
	at org.testng.SuiteRunner.run(SuiteRunner.java:276)
	at org.testng.SuiteRunnerWorker.runSuite(SuiteRunnerWorker.java:53)
	at org.testng.SuiteRunnerWorker.run(SuiteRunnerWorker.java:96)
	at org.testng.TestNG.runSuitesSequentially(TestNG.java:1212)
	at org.testng.TestNG.runSuitesLocally(TestNG.java:1134)
	at org.testng.TestNG.runSuites(TestNG.java:1063)
	at org.testng.TestNG.run(TestNG.java:1031)
	at org.testng.remote.AbstractRemoteTestNG.run(AbstractRemoteTestNG.java:115)
	at org.testng.remote.RemoteTestNG.initAndRun(RemoteTestNG.java:251)
	at org.testng.remote.RemoteTestNG.main(RemoteTestNG.java:77)
</pre></div></td>
<td>5</td>
<td>com.qa.centrum.eng.test.CentrumSampleAboutPage@1b11171f</td></tr>
<tr>
<td title='com.qa.centrum.eng.test.CentrumSampleAboutPage.CentrumBuyNow3()'><b>CentrumBuyNow3</b><br>Test class: com.qa.centrum.eng.test.CentrumSampleAboutPage</td>
<td><div><pre>java.lang.AssertionError: expected [about/] but found [products/multivitamins/centrum-minis-adults-50-plus/]
	at com.qa.baseClass.BaseClass.compareTwoText(BaseClass.java:708)
	at com.qa.centrum.eng.test.CentrumSampleAboutPage.CentrumBuyNow3(CentrumSampleAboutPage.java:172)
	at java.base/java.util.ArrayList.forEach(ArrayList.java:1511)
... Removed 31 stack frames</pre></div><a href='#' onClick='toggleBox("stack-trace630298110", this, "Click to show all stack frames", "Click to hide stack frames")'>Click to show all stack frames</a>
<div class='stack-trace' id='stack-trace630298110'><pre>java.lang.AssertionError: expected [about/] but found [products/multivitamins/centrum-minis-adults-50-plus/]
	at org.testng.Assert.fail(Assert.java:99)
	at org.testng.Assert.failNotEquals(Assert.java:1037)
	at org.testng.Assert.assertEqualsImpl(Assert.java:140)
	at org.testng.Assert.assertEquals(Assert.java:122)
	at org.testng.Assert.assertEquals(Assert.java:629)
	at org.testng.Assert.assertEquals(Assert.java:639)
	at com.qa.baseClass.BaseClass.compareTwoText(BaseClass.java:708)
	at com.qa.centrum.eng.test.CentrumSampleAboutPage.CentrumBuyNow3(CentrumSampleAboutPage.java:172)
	at java.base/jdk.internal.reflect.DirectMethodHandleAccessor.invoke(DirectMethodHandleAccessor.java:104)
	at java.base/java.lang.reflect.Method.invoke(Method.java:577)
	at org.testng.internal.MethodInvocationHelper.invokeMethod(MethodInvocationHelper.java:133)
	at org.testng.internal.TestInvoker.invokeMethod(TestInvoker.java:598)
	at org.testng.internal.TestInvoker.retryFailed(TestInvoker.java:213)
	at org.testng.internal.MethodRunner.runInSequence(MethodRunner.java:58)
	at org.testng.internal.TestInvoker$MethodInvocationAgent.invoke(TestInvoker.java:824)
	at org.testng.internal.TestInvoker.invokeTestMethods(TestInvoker.java:146)
	at org.testng.internal.TestMethodWorker.invokeTestMethods(TestMethodWorker.java:146)
	at org.testng.internal.TestMethodWorker.run(TestMethodWorker.java:128)
	at java.base/java.util.ArrayList.forEach(ArrayList.java:1511)
	at org.testng.TestRunner.privateRun(TestRunner.java:794)
	at org.testng.TestRunner.run(TestRunner.java:596)
	at org.testng.SuiteRunner.runTest(SuiteRunner.java:377)
	at org.testng.SuiteRunner.runSequentially(SuiteRunner.java:371)
	at org.testng.SuiteRunner.privateRun(SuiteRunner.java:332)
	at org.testng.SuiteRunner.run(SuiteRunner.java:276)
	at org.testng.SuiteRunnerWorker.runSuite(SuiteRunnerWorker.java:53)
	at org.testng.SuiteRunnerWorker.run(SuiteRunnerWorker.java:96)
	at org.testng.TestNG.runSuitesSequentially(TestNG.java:1212)
	at org.testng.TestNG.runSuitesLocally(TestNG.java:1134)
	at org.testng.TestNG.runSuites(TestNG.java:1063)
	at org.testng.TestNG.run(TestNG.java:1031)
	at org.testng.remote.AbstractRemoteTestNG.run(AbstractRemoteTestNG.java:115)
	at org.testng.remote.RemoteTestNG.initAndRun(RemoteTestNG.java:251)
	at org.testng.remote.RemoteTestNG.main(RemoteTestNG.java:77)
</pre></div></td>
<td>4</td>
<td>com.qa.centrum.eng.test.CentrumSampleAboutPage@1b11171f</td></tr>
</table><p>
</body>
</html>